<?xml version="1.0" encoding="UTF-8"?>
<testsuite xmlns:xsi="http://www.w3.org/2001/XMLSchema-instance" xsi:noNamespaceSchemaLocation="https://maven.apache.org/surefire/maven-surefire-plugin/xsd/surefire-test-report-3.0.xsd" version="3.0" name="com.ledgerlock.service.TransactionIntegrationTest" time="0.375" tests="5" errors="0" skipped="0" failures="0">
  <properties>
[...]
</properties>
  <testcase name="testInsufficientFunds" classname="com.ledgerlock.service.TransactionIntegrationTest" time="0.095">
    <system-out><![CDATA[2026-07-14 19:53:37.118  INFO [req=, user=, ip=] [           main] t.c.s.AnnotationConfigContextLoaderUtils : Could not detect default configuration classes for test class [com.ledgerlock.service.TransactionIntegrationTest]: TransactionIntegrationTest does not declare any static, non-private, non-final, nested classes annotated with @Configuration.
2026-07-14 19:53:37.121  INFO [req=, user=, ip=] [           main] .b.t.c.SpringBootTestContextBootstrapper : Found @SpringBootConfiguration com.ledgerlock.LedgerlockApplication for test class com.ledgerlock.service.TransactionIntegrationTest
Hibernate: 
    select
        le1_0.id,
        le1_0.account_id,
        le1_0.amount,
        le1_0.balance_after,
        le1_0.created_at,
        le1_0.transaction_id,
        le1_0.type 
    from
        ledger_entries le1_0
Hibernate: 
    select
        t1_0.id,
        t1_0.amount,
        t1_0.created_at,
        t1_0.description,
        t1_0.from_account_id,
        t1_0.idempotency_key,
        t1_0.status,
        t1_0.to_account_id 
    from
        transactions t1_0
Hibernate: 
    select
        ik1_0.idempotency_key,
        ik1_0.created_at,
        ik1_0.response_body,
        ik1_0.response_code,
        ik1_0.status 
    from
        idempotency_keys ik1_0
Hibernate: 
    select
        a1_0.id,
        a1_0.account_number,
        a1_0.balance,
        a1_0.created_at,
        a1_0.updated_at,
        a1_0.user_id,
        a1_0.version 
    from
        accounts a1_0
Hibernate: 
    select
        u1_0.id,
        u1_0.created_at,
        u1_0.email,
        u1_0.hashed_password 
    from
        users u1_0
Hibernate: 
    insert 
    into
        users
        (created_at, email, hashed_password, id) 
    values
        (?, ?, ?, default)
Hibernate: 
    insert 
    into
        users
        (created_at, email, hashed_password, id) 
    values
        (?, ?, ?, default)
Hibernate: 
    insert 
    into
        accounts
        (account_number, balance, created_at, updated_at, user_id, version, id) 
    values
        (?, ?, ?, ?, ?, ?, default)
Hibernate: 
    insert 
    into
        accounts
        (account_number, balance, created_at, updated_at, user_id, version, id) 
    values
        (?, ?, ?, ?, ?, ?, default)
Hibernate: 
    select
        ik1_0.idempotency_key,
        ik1_0.created_at,
        ik1_0.response_body,
        ik1_0.response_code,
        ik1_0.status 
    from
        idempotency_keys ik1_0 
    where
        ik1_0.idempotency_key=?
Hibernate: 
    insert 
    into
        idempotency_keys
        (created_at, response_body, response_code, status, idempotency_key) 
    values
        (?, ?, ?, ?, ?)
Hibernate: 
    delete 
    from
        ledger_entries 
    where
        id=?
Hibernate: 
    delete 
    from
        ledger_entries 
    where
        id=?
Hibernate: 
    delete 
    from
        ledger_entries 
    where
        id=?
Hibernate: 
    delete 
    from
        ledger_entries 
    where
        id=?
Hibernate: 
    delete 
    from
        ledger_entries 
    where
        id=?
Hibernate: 
    delete 
    from
        ledger_entries 
    where
        id=?
Hibernate: 
    delete 
    from
        ledger_entries 
    where
        id=?
Hibernate: 
    delete 
    from
        ledger_entries 
    where
        id=?
Hibernate: 
    delete 
    from
        ledger_entries 
    where
        id=?
Hibernate: 
    delete 
    from
        ledger_entries 
    where
        id=?
Hibernate: 
    delete 
    from
        transactions 
    where
        id=?
Hibernate: 
    delete 
    from
        transactions 
    where
        id=?
Hibernate: 
    delete 
    from
        transactions 
    where
        id=?
Hibernate: 
    delete 
    from
        transactions 
    where
        id=?
Hibernate: 
    delete 
    from
        transactions 
    where
        id=?
Hibernate: 
    delete 
    from
        idempotency_keys 
    where
        idempotency_key=?
Hibernate: 
    delete 
    from
        idempotency_keys 
    where
        idempotency_key=?
Hibernate: 
    delete 
    from
        idempotency_keys 
    where
        idempotency_key=?
Hibernate: 
    delete 
    from
        idempotency_keys 
    where
        idempotency_key=?
Hibernate: 
    delete 
    from
        idempotency_keys 
    where
        idempotency_key=?
Hibernate: 
    delete 
    from
        accounts 
    where
        id=? 
        and version=?
Hibernate: 
    delete 
    from
        accounts 
    where
        id=? 
        and version=?
Hibernate: 
    delete 
    from
        users 
    where
        id=?
Hibernate: 
    delete 
    from
        users 
    where
        id=?
Hibernate: 
    select
        a1_0.id,
        a1_0.account_number,
        a1_0.balance,
        a1_0.created_at,
        a1_0.updated_at,
        a1_0.user_id,
        a1_0.version 
    from
        accounts a1_0 
    where
        a1_0.account_number=? 
        and a1_0.user_id=?
Hibernate: 
    select
        a1_0.id,
        a1_0.account_number,
        a1_0.balance,
        a1_0.created_at,
        a1_0.updated_at,
        a1_0.user_id,
        a1_0.version 
    from
        accounts a1_0 
    where
        a1_0.account_number=?
]]></system-out>
  </testcase>
  <testcase name="testDuplicateIdempotencyKey" classname="com.ledgerlock.service.TransactionIntegrationTest" time="0.075">
    <system-out><![CDATA[Hibernate: 
    select
        le1_0.id,
        le1_0.account_id,
        le1_0.amount,
        le1_0.balance_after,
        le1_0.created_at,
        le1_0.transaction_id,
        le1_0.type 
    from
        ledger_entries le1_0
Hibernate: 
    select
        t1_0.id,
        t1_0.amount,
        t1_0.created_at,
        t1_0.description,
        t1_0.from_account_id,
        t1_0.idempotency_key,
        t1_0.status,
        t1_0.to_account_id 
    from
        transactions t1_0
Hibernate: 
    select
        ik1_0.idempotency_key,
        ik1_0.created_at,
        ik1_0.response_body,
        ik1_0.response_code,
        ik1_0.status 
    from
        idempotency_keys ik1_0
Hibernate: 
    select
        a1_0.id,
        a1_0.account_number,
        a1_0.balance,
        a1_0.created_at,
        a1_0.updated_at,
        a1_0.user_id,
        a1_0.version 
    from
        accounts a1_0
Hibernate: 
    select
        u1_0.id,
        u1_0.created_at,
        u1_0.email,
        u1_0.hashed_password 
    from
        users u1_0
Hibernate: 
    insert 
    into
        users
        (created_at, email, hashed_password, id) 
    values
        (?, ?, ?, default)
Hibernate: 
    insert 
    into
        users
        (created_at, email, hashed_password, id) 
    values
        (?, ?, ?, default)
Hibernate: 
    insert 
    into
        accounts
        (account_number, balance, created_at, updated_at, user_id, version, id) 
    values
        (?, ?, ?, ?, ?, ?, default)
Hibernate: 
    insert 
    into
        accounts
        (account_number, balance, created_at, updated_at, user_id, version, id) 
    values
        (?, ?, ?, ?, ?, ?, default)
Hibernate: 
    select
        ik1_0.idempotency_key,
        ik1_0.created_at,
        ik1_0.response_body,
        ik1_0.response_code,
        ik1_0.status 
    from
        idempotency_keys ik1_0 
    where
        ik1_0.idempotency_key=?
Hibernate: 
    insert 
    into
        idempotency_keys
        (created_at, response_body, response_code, status, idempotency_key) 
    values
        (?, ?, ?, ?, ?)
Hibernate: 
    delete 
    from
        ledger_entries 
    where
        id=?
Hibernate: 
    delete 
    from
        ledger_entries 
    where
        id=?
Hibernate: 
    delete 
    from
        ledger_entries 
    where
        id=?
Hibernate: 
    delete 
    from
        ledger_entries 
    where
        id=?
Hibernate: 
    delete 
    from
        ledger_entries 
    where
        id=?
Hibernate: 
    delete 
    from
        ledger_entries 
    where
        id=?
Hibernate: 
    delete 
    from
        ledger_entries 
    where
        id=?
Hibernate: 
    delete 
    from
        ledger_entries 
    where
        id=?
Hibernate: 
    delete 
    from
        ledger_entries 
    where
        id=?
Hibernate: 
    delete 
    from
        ledger_entries 
    where
        id=?
Hibernate: 
    delete 
    from
        transactions 
    where
        id=?
Hibernate: 
    delete 
    from
        transactions 
    where
        id=?
Hibernate: 
    delete 
    from
        transactions 
    where
        id=?
Hibernate: 
    delete 
    from
        transactions 
    where
        id=?
Hibernate: 
    delete 
    from
        transactions 
    where
        id=?
Hibernate: 
    delete 
    from
        idempotency_keys 
    where
        idempotency_key=?
Hibernate: 
    delete 
    from
        idempotency_keys 
    where
        idempotency_key=?
Hibernate: 
    delete 
    from
        idempotency_keys 
    where
        idempotency_key=?
Hibernate: 
    delete 
    from
        idempotency_keys 
    where
        idempotency_key=?
Hibernate: 
    delete 
    from
        idempotency_keys 
    where
        idempotency_key=?
Hibernate: 
    delete 
    from
        accounts 
    where
        id=? 
        and version=?
Hibernate: 
    delete 
    from
        accounts 
    where
        id=? 
        and version=?
Hibernate: 
    delete 
    from
        users 
    where
        id=?
Hibernate: 
    delete 
    from
        users 
    where
        id=?
Hibernate: 
    select
        a1_0.id,
        a1_0.account_number,
        a1_0.balance,
        a1_0.created_at,
        a1_0.updated_at,
        a1_0.user_id,
        a1_0.version 
    from
        accounts a1_0 
    where
        a1_0.account_number=? 
        and a1_0.user_id=?
Hibernate: 
    select
        a1_0.id,
        a1_0.account_number,
        a1_0.balance,
        a1_0.created_at,
        a1_0.updated_at,
        a1_0.user_id,
        a1_0.version 
    from
        accounts a1_0 
    where
        a1_0.account_number=?
Hibernate: 
    insert 
    into
        transactions
        (amount, created_at, description, from_account_id, idempotency_key, status, to_account_id, id) 
    values
        (?, ?, ?, ?, ?, ?, ?, default)
Hibernate: 
    insert 
    into
        ledger_entries
        (account_id, amount, balance_after, created_at, transaction_id, type, id) 
    values
        (?, ?, ?, ?, ?, ?, default)
Hibernate: 
    insert 
    into
        ledger_entries
        (account_id, amount, balance_after, created_at, transaction_id, type, id) 
    values
        (?, ?, ?, ?, ?, ?, default)
2026-07-14 19:53:37.298  INFO [req=, user=, ip=] [           main] c.ledgerlock.service.TransactionService  : Transfer completed successfully. TX ID: 134, Key: 850d4ad3-f5ad-4d57-8319-e19b785805a9, From: ***-001, To: ***-002, Amount: 200.0000
2026-07-14 19:53:37.299  INFO [req=, user=, ip=] [           main] c.ledgerlock.service.TransactionService  : Legitimate retry detected for key: 850d4ad3-f5ad-4d57-8319-e19b785805a9. Returning cached response.
]]></system-out>
  </testcase>
  <testcase name="testConcurrentIdempotencyRaceIsRejected" classname="com.ledgerlock.service.TransactionIntegrationTest" time="0.052">
    <system-out><![CDATA[Hibernate: 
    select
        le1_0.id,
        le1_0.account_id,
        le1_0.amount,
        le1_0.balance_after,
        le1_0.created_at,
        le1_0.transaction_id,
        le1_0.type 
    from
        ledger_entries le1_0
Hibernate: 
    select
        t1_0.id,
        t1_0.amount,
        t1_0.created_at,
        t1_0.description,
        t1_0.from_account_id,
        t1_0.idempotency_key,
        t1_0.status,
        t1_0.to_account_id 
    from
        transactions t1_0
Hibernate: 
    select
        ik1_0.idempotency_key,
        ik1_0.created_at,
        ik1_0.response_body,
        ik1_0.response_code,
        ik1_0.status 
    from
        idempotency_keys ik1_0
Hibernate: 
    select
        a1_0.id,
        a1_0.account_number,
        a1_0.balance,
        a1_0.created_at,
        a1_0.updated_at,
        a1_0.user_id,
        a1_0.version 
    from
        accounts a1_0
Hibernate: 
    select
        u1_0.id,
        u1_0.created_at,
        u1_0.email,
        u1_0.hashed_password 
    from
        users u1_0
Hibernate: 
    insert 
    into
        users
        (created_at, email, hashed_password, id) 
    values
        (?, ?, ?, default)
Hibernate: 
    insert 
    into
        users
        (created_at, email, hashed_password, id) 
    values
        (?, ?, ?, default)
Hibernate: 
    insert 
    into
        accounts
        (account_number, balance, created_at, updated_at, user_id, version, id) 
    values
        (?, ?, ?, ?, ?, ?, default)
Hibernate: 
    insert 
    into
        accounts
        (account_number, balance, created_at, updated_at, user_id, version, id) 
    values
        (?, ?, ?, ?, ?, ?, default)
Hibernate: 
    insert 
    into
        idempotency_keys
        (created_at, response_body, response_code, status, idempotency_key) 
    values
        (?, ?, ?, ?, ?)
Hibernate: 
    delete 
    from
        ledger_entries 
    where
        id=?
Hibernate: 
    delete 
    from
        ledger_entries 
    where
        id=?
Hibernate: 
    delete 
    from
        ledger_entries 
    where
        id=?
Hibernate: 
    delete 
    from
        ledger_entries 
    where
        id=?
Hibernate: 
    delete 
    from
        ledger_entries 
    where
        id=?
Hibernate: 
    delete 
    from
        ledger_entries 
    where
        id=?
Hibernate: 
    delete 
    from
        ledger_entries 
    where
        id=?
Hibernate: 
    delete 
    from
        ledger_entries 
    where
        id=?
Hibernate: 
    delete 
    from
        ledger_entries 
    where
        id=?
Hibernate: 
    delete 
    from
        ledger_entries 
    where
        id=?
Hibernate: 
    delete 
    from
        transactions 
    where
        id=?
Hibernate: 
    delete 
    from
        transactions 
    where
        id=?
Hibernate: 
    delete 
    from
        transactions 
    where
        id=?
Hibernate: 
    delete 
    from
        transactions 
    where
        id=?
Hibernate: 
    delete 
    from
        transactions 
    where
        id=?
Hibernate: 
    delete 
    from
        idempotency_keys 
    where
        idempotency_key=?
Hibernate: 
    delete 
    from
        idempotency_keys 
    where
        idempotency_key=?
Hibernate: 
    delete 
    from
        idempotency_keys 
    where
        idempotency_key=?
Hibernate: 
    delete 
    from
        idempotency_keys 
    where
        idempotency_key=?
Hibernate: 
    delete 
    from
        idempotency_keys 
    where
        idempotency_key=?
Hibernate: 
    delete 
    from
        accounts 
    where
        id=? 
        and version=?
Hibernate: 
    delete 
    from
        accounts 
    where
        id=? 
        and version=?
Hibernate: 
    delete 
    from
        users 
    where
        id=?
Hibernate: 
    delete 
    from
        users 
    where
        id=?
2026-07-14 19:53:37.353  WARN [req=, user=, ip=] [           main] c.ledgerlock.service.TransactionService  : Idempotency conflict (PENDING/FAILED) detected for key: 34c4d30a-bb6d-4fdf-b412-73d34c17d323
]]></system-out>
  </testcase>
  <testcase name="testSecurityOwnershipIsEnforced" classname="com.ledgerlock.service.TransactionIntegrationTest" time="0.055">
    <system-out><![CDATA[Hibernate: 
    select
        le1_0.id,
        le1_0.account_id,
        le1_0.amount,
        le1_0.balance_after,
        le1_0.created_at,
        le1_0.transaction_id,
        le1_0.type 
    from
        ledger_entries le1_0
Hibernate: 
    select
        t1_0.id,
        t1_0.amount,
        t1_0.created_at,
        t1_0.description,
        t1_0.from_account_id,
        t1_0.idempotency_key,
        t1_0.status,
        t1_0.to_account_id 
    from
        transactions t1_0
Hibernate: 
    select
        ik1_0.idempotency_key,
        ik1_0.created_at,
        ik1_0.response_body,
        ik1_0.response_code,
        ik1_0.status 
    from
        idempotency_keys ik1_0
Hibernate: 
    select
        a1_0.id,
        a1_0.account_number,
        a1_0.balance,
        a1_0.created_at,
        a1_0.updated_at,
        a1_0.user_id,
        a1_0.version 
    from
        accounts a1_0
Hibernate: 
    select
        u1_0.id,
        u1_0.created_at,
        u1_0.email,
        u1_0.hashed_password 
    from
        users u1_0
Hibernate: 
    insert 
    into
        users
        (created_at, email, hashed_password, id) 
    values
        (?, ?, ?, default)
Hibernate: 
    insert 
    into
        users
        (created_at, email, hashed_password, id) 
    values
        (?, ?, ?, default)
Hibernate: 
    insert 
    into
        accounts
        (account_number, balance, created_at, updated_at, user_id, version, id) 
    values
        (?, ?, ?, ?, ?, ?, default)
Hibernate: 
    insert 
    into
        accounts
        (account_number, balance, created_at, updated_at, user_id, version, id) 
    values
        (?, ?, ?, ?, ?, ?, default)
Hibernate: 
    select
        ik1_0.idempotency_key,
        ik1_0.created_at,
        ik1_0.response_body,
        ik1_0.response_code,
        ik1_0.status 
    from
        idempotency_keys ik1_0 
    where
        ik1_0.idempotency_key=?
Hibernate: 
    insert 
    into
        idempotency_keys
        (created_at, response_body, response_code, status, idempotency_key) 
    values
        (?, ?, ?, ?, ?)
Hibernate: 
    delete 
    from
        ledger_entries 
    where
        id=?
Hibernate: 
    delete 
    from
        ledger_entries 
    where
        id=?
Hibernate: 
    delete 
    from
        ledger_entries 
    where
        id=?
Hibernate: 
    delete 
    from
        ledger_entries 
    where
        id=?
Hibernate: 
    delete 
    from
        ledger_entries 
    where
        id=?
Hibernate: 
    delete 
    from
        ledger_entries 
    where
        id=?
Hibernate: 
    delete 
    from
        ledger_entries 
    where
        id=?
Hibernate: 
    delete 
    from
        ledger_entries 
    where
        id=?
Hibernate: 
    delete 
    from
        ledger_entries 
    where
        id=?
Hibernate: 
    delete 
    from
        ledger_entries 
    where
        id=?
Hibernate: 
    delete 
    from
        transactions 
    where
        id=?
Hibernate: 
    delete 
    from
        transactions 
    where
        id=?
Hibernate: 
    delete 
    from
        transactions 
    where
        id=?
Hibernate: 
    delete 
    from
        transactions 
    where
        id=?
Hibernate: 
    delete 
    from
        transactions 
    where
        id=?
Hibernate: 
    delete 
    from
        idempotency_keys 
    where
        idempotency_key=?
Hibernate: 
    delete 
    from
        idempotency_keys 
    where
        idempotency_key=?
Hibernate: 
    delete 
    from
        idempotency_keys 
    where
        idempotency_key=?
Hibernate: 
    delete 
    from
        idempotency_keys 
    where
        idempotency_key=?
Hibernate: 
    delete 
    from
        idempotency_keys 
    where
        idempotency_key=?
Hibernate: 
    delete 
    from
        accounts 
    where
        id=? 
        and version=?
Hibernate: 
    delete 
    from
        accounts 
    where
        id=? 
        and version=?
Hibernate: 
    delete 
    from
        users 
    where
        id=?
Hibernate: 
    delete 
    from
        users 
    where
        id=?
Hibernate: 
    select
        a1_0.id,
        a1_0.account_number,
        a1_0.balance,
        a1_0.created_at,
        a1_0.updated_at,
        a1_0.user_id,
        a1_0.version 
    from
        accounts a1_0 
    where
        a1_0.account_number=? 
        and a1_0.user_id=?
]]></system-out>
  </testcase>
  <testcase name="testSuccessfulTransfer" classname="com.ledgerlock.service.TransactionIntegrationTest" time="0.071">
    <system-out><![CDATA[Hibernate: 
    select
        le1_0.id,
        le1_0.account_id,
        le1_0.amount,
        le1_0.balance_after,
        le1_0.created_at,
        le1_0.transaction_id,
        le1_0.type 
    from
        ledger_entries le1_0
Hibernate: 
    select
        t1_0.id,
        t1_0.amount,
        t1_0.created_at,
        t1_0.description,
        t1_0.from_account_id,
        t1_0.idempotency_key,
        t1_0.status,
        t1_0.to_account_id 
    from
        transactions t1_0
Hibernate: 
    select
        ik1_0.idempotency_key,
        ik1_0.created_at,
        ik1_0.response_body,
        ik1_0.response_code,
        ik1_0.status 
    from
        idempotency_keys ik1_0
Hibernate: 
    select
        a1_0.id,
        a1_0.account_number,
        a1_0.balance,
        a1_0.created_at,
        a1_0.updated_at,
        a1_0.user_id,
        a1_0.version 
    from
        accounts a1_0
Hibernate: 
    select
        u1_0.id,
        u1_0.created_at,
        u1_0.email,
        u1_0.hashed_password 
    from
        users u1_0
Hibernate: 
    insert 
    into
        users
        (created_at, email, hashed_password, id) 
    values
        (?, ?, ?, default)
Hibernate: 
    insert 
    into
        users
        (created_at, email, hashed_password, id) 
    values
        (?, ?, ?, default)
Hibernate: 
    insert 
    into
        accounts
        (account_number, balance, created_at, updated_at, user_id, version, id) 
    values
        (?, ?, ?, ?, ?, ?, default)
Hibernate: 
    insert 
    into
        accounts
        (account_number, balance, created_at, updated_at, user_id, version, id) 
    values
        (?, ?, ?, ?, ?, ?, default)
Hibernate: 
    select
        ik1_0.idempotency_key,
        ik1_0.created_at,
        ik1_0.response_body,
        ik1_0.response_code,
        ik1_0.status 
    from
        idempotency_keys ik1_0 
    where
        ik1_0.idempotency_key=?
Hibernate: 
    insert 
    into
        idempotency_keys
        (created_at, response_body, response_code, status, idempotency_key) 
    values
        (?, ?, ?, ?, ?)
Hibernate: 
    delete 
    from
        ledger_entries 
    where
        id=?
Hibernate: 
    delete 
    from
        ledger_entries 
    where
        id=?
Hibernate: 
    delete 
    from
        ledger_entries 
    where
        id=?
Hibernate: 
    delete 
    from
        ledger_entries 
    where
        id=?
Hibernate: 
    delete 
    from
        ledger_entries 
    where
        id=?
Hibernate: 
    delete 
    from
        ledger_entries 
    where
        id=?
Hibernate: 
    delete 
    from
        ledger_entries 
    where
        id=?
Hibernate: 
    delete 
    from
        ledger_entries 
    where
        id=?
Hibernate: 
    delete 
    from
        ledger_entries 
    where
        id=?
Hibernate: 
    delete 
    from
        ledger_entries 
    where
        id=?
Hibernate: 
    delete 
    from
        transactions 
    where
        id=?
Hibernate: 
    delete 
    from
        transactions 
    where
        id=?
Hibernate: 
    delete 
    from
        transactions 
    where
        id=?
Hibernate: 
    delete 
    from
        transactions 
    where
        id=?
Hibernate: 
    delete 
    from
        transactions 
    where
        id=?
Hibernate: 
    delete 
    from
        idempotency_keys 
    where
        idempotency_key=?
Hibernate: 
    delete 
    from
        idempotency_keys 
    where
        idempotency_key=?
Hibernate: 
    delete 
    from
        idempotency_keys 
    where
        idempotency_key=?
Hibernate: 
    delete 
    from
        idempotency_keys 
    where
        idempotency_key=?
Hibernate: 
    delete 
    from
        idempotency_keys 
    where
        idempotency_key=?
Hibernate: 
    delete 
    from
        accounts 
    where
        id=? 
        and version=?
Hibernate: 
    delete 
    from
        accounts 
    where
        id=? 
        and version=?
Hibernate: 
    delete 
    from
        users 
    where
        id=?
Hibernate: 
    delete 
    from
        users 
    where
        id=?
Hibernate: 
    select
        a1_0.id,
        a1_0.account_number,
        a1_0.balance,
        a1_0.created_at,
        a1_0.updated_at,
        a1_0.user_id,
        a1_0.version 
    from
        accounts a1_0 
    where
        a1_0.account_number=? 
        and a1_0.user_id=?
Hibernate: 
    select
        a1_0.id,
        a1_0.account_number,
        a1_0.balance,
        a1_0.created_at,
        a1_0.updated_at,
        a1_0.user_id,
        a1_0.version 
    from
        accounts a1_0 
    where
        a1_0.account_number=?
Hibernate: 
    insert 
    into
        transactions
        (amount, created_at, description, from_account_id, idempotency_key, status, to_account_id, id) 
    values
        (?, ?, ?, ?, ?, ?, ?, default)
Hibernate: 
    insert 
    into
        ledger_entries
        (account_id, amount, balance_after, created_at, transaction_id, type, id) 
    values
        (?, ?, ?, ?, ?, ?, default)
Hibernate: 
    insert 
    into
        ledger_entries
        (account_id, amount, balance_after, created_at, transaction_id, type, id) 
    values
        (?, ?, ?, ?, ?, ?, default)
2026-07-14 19:53:37.478  INFO [req=, user=, ip=] [           main] c.ledgerlock.service.TransactionService  : Transfer completed successfully. TX ID: 135, Key: b1d4c24a-acc9-497e-9fbc-756ca1c33441, From: ***-001, To: ***-002, Amount: 200.0000
Hibernate: 
    select
        le1_0.id,
        le1_0.account_id,
        le1_0.amount,
        le1_0.balance_after,
        le1_0.created_at,
        le1_0.transaction_id,
        le1_0.type 
    from
        ledger_entries le1_0
]]></system-out>
  </testcase>
</testsuite>