<?xml version="1.0" encoding="UTF-8"?>
<testsuite xmlns:xsi="http://www.w3.org/2001/XMLSchema-instance" xsi:noNamespaceSchemaLocation="https://maven.apache.org/surefire/maven-surefire-plugin/xsd/surefire-test-report-3.0.xsd" version="3.0" name="com.ledgerlock.service.ConcurrencyStressTest" time="1.911" tests="3" errors="0" skipped="0" failures="0">
  <properties>
[...]
</properties>
  <testcase name="testConcurrentDifferentRequestsLostUpdatePrevented" classname="com.ledgerlock.service.ConcurrencyStressTest" time="1.306">
    <system-out><![CDATA[2026-07-14 19:53:35.205  INFO [req=, user=, ip=] [           main] t.c.s.AnnotationConfigContextLoaderUtils : Could not detect default configuration classes for test class [com.ledgerlock.service.ConcurrencyStressTest]: ConcurrencyStressTest does not declare any static, non-private, non-final, nested classes annotated with @Configuration.
2026-07-14 19:53:35.207  INFO [req=, user=, ip=] [           main] .b.t.c.SpringBootTestContextBootstrapper : Found @SpringBootConfiguration com.ledgerlock.LedgerlockApplication for test class com.ledgerlock.service.ConcurrencyStressTest
Hibernate: 
    select
        le1_0.id,
        le1_0.account_id,
        le1_0.amount,
        le1_0.balance_after,
        le1_0.created_at,
        le1_0.transaction_id,
        le1_0.type 
    from
        ledger_entries le1_0
Hibernate: 
    select
        t1_0.id,
        t1_0.amount,
        t1_0.created_at,
        t1_0.description,
        t1_0.from_account_id,
        t1_0.idempotency_key,
        t1_0.status,
        t1_0.to_account_id 
    from
        transactions t1_0
Hibernate: 
    select
        ik1_0.idempotency_key,
        ik1_0.created_at,
        ik1_0.response_body,
        ik1_0.response_code,
        ik1_0.status 
    from
        idempotency_keys ik1_0
Hibernate: 
    select
        a1_0.id,
        a1_0.account_number,
        a1_0.balance,
        a1_0.created_at,
        a1_0.updated_at,
        a1_0.user_id,
        a1_0.version 
    from
        accounts a1_0
Hibernate: 
    select
        u1_0.id,
        u1_0.created_at,
        u1_0.email,
        u1_0.hashed_password 
    from
        users u1_0
Hibernate: 
    insert 
    into
        users
        (created_at, email, hashed_password, id) 
    values
        (?, ?, ?, default)
Hibernate: 
    insert 
    into
        users
        (created_at, email, hashed_password, id) 
    values
        (?, ?, ?, default)
Hibernate: 
    insert 
    into
        accounts
        (account_number, balance, created_at, updated_at, user_id, version, id) 
    values
        (?, ?, ?, ?, ?, ?, default)
Hibernate: 
    insert 
    into
        accounts
        (account_number, balance, created_at, updated_at, user_id, version, id) 
    values
        (?, ?, ?, ?, ?, ?, default)
Hibernate: 
    select
        ik1_0.idempotency_key,
        ik1_0.created_at,
        ik1_0.response_body,
        ik1_0.response_code,
        ik1_0.status 
    from
        idempotency_keys ik1_0 
    where
        ik1_0.idempotency_key=?
Hibernate: 
    select
        ik1_0.idempotency_key,
        ik1_0.created_at,
        ik1_0.response_body,
        ik1_0.response_code,
        ik1_0.status 
    from
        idempotency_keys ik1_0 
    where
        ik1_0.idempotency_key=?
Hibernate: 
    select
        ik1_0.idempotency_key,
        ik1_0.created_at,
        ik1_0.response_body,
        ik1_0.response_code,
        ik1_0.status 
    from
        idempotency_keys ik1_0 
    where
        ik1_0.idempotency_key=?
Hibernate: 
    select
        ik1_0.idempotency_key,
        ik1_0.created_at,
        ik1_0.response_body,
        ik1_0.response_code,
        ik1_0.status 
    from
        idempotency_keys ik1_0 
    where
        ik1_0.idempotency_key=?
Hibernate: 
    select
        ik1_0.idempotency_key,
        ik1_0.created_at,
        ik1_0.response_body,
        ik1_0.response_code,
        ik1_0.status 
    from
        idempotency_keys ik1_0 
    where
        ik1_0.idempotency_key=?
Hibernate: 
    select
        ik1_0.idempotency_key,
        ik1_0.created_at,
        ik1_0.response_body,
        ik1_0.response_code,
        ik1_0.status 
    from
        idempotency_keys ik1_0 
    where
        ik1_0.idempotency_key=?
Hibernate: 
    select
        ik1_0.idempotency_key,
        ik1_0.created_at,
        ik1_0.response_body,
        ik1_0.response_code,
        ik1_0.status 
    from
        idempotency_keys ik1_0 
    where
        ik1_0.idempotency_key=?
Hibernate: 
    select
        ik1_0.idempotency_key,
        ik1_0.created_at,
        ik1_0.response_body,
        ik1_0.response_code,
        ik1_0.status 
    from
        idempotency_keys ik1_0 
    where
        ik1_0.idempotency_key=?
Hibernate: 
    select
        ik1_0.idempotency_key,
        ik1_0.created_at,
        ik1_0.response_body,
        ik1_0.response_code,
        ik1_0.status 
    from
        idempotency_keys ik1_0 
    where
        ik1_0.idempotency_key=?
Hibernate: 
    select
        ik1_0.idempotency_key,
        ik1_0.created_at,
        ik1_0.response_body,
        ik1_0.response_code,
        ik1_0.status 
    from
        idempotency_keys ik1_0 
    where
        ik1_0.idempotency_key=?
Hibernate: 
    insert 
    into
        idempotency_keys
        (created_at, response_body, response_code, status, idempotency_key) 
    values
        (?, ?, ?, ?, ?)
Hibernate: 
    insert 
    into
        idempotency_keys
        (created_at, response_body, response_code, status, idempotency_key) 
    values
        (?, ?, ?, ?, ?)
Hibernate: 
    insert 
    into
        idempotency_keys
        (created_at, response_body, response_code, status, idempotency_key) 
    values
        (?, ?, ?, ?, ?)
Hibernate: 
    insert 
    into
        idempotency_keys
        (created_at, response_body, response_code, status, idempotency_key) 
    values
        (?, ?, ?, ?, ?)
Hibernate: 
    insert 
    into
        idempotency_keys
        (created_at, response_body, response_code, status, idempotency_key) 
    values
        (?, ?, ?, ?, ?)
Hibernate: 
    insert 
    into
        idempotency_keys
        (created_at, response_body, response_code, status, idempotency_key) 
    values
        (?, ?, ?, ?, ?)
Hibernate: 
    insert 
    into
        idempotency_keys
        (created_at, response_body, response_code, status, idempotency_key) 
    values
        (?, ?, ?, ?, ?)
Hibernate: 
    insert 
    into
        idempotency_keys
        (created_at, response_body, response_code, status, idempotency_key) 
    values
        (?, ?, ?, ?, ?)
Hibernate: 
    insert 
    into
        idempotency_keys
        (created_at, response_body, response_code, status, idempotency_key) 
    values
        (?, ?, ?, ?, ?)
Hibernate: 
    insert 
    into
        idempotency_keys
        (created_at, response_body, response_code, status, idempotency_key) 
    values
        (?, ?, ?, ?, ?)
Hibernate: 
    select
        a1_0.id,
        a1_0.account_number,
        a1_0.balance,
        a1_0.created_at,
        a1_0.updated_at,
        a1_0.user_id,
        a1_0.version 
    from
        accounts a1_0 
    where
        a1_0.account_number=? 
        and a1_0.user_id=?
Hibernate: 
    select
        a1_0.id,
        a1_0.account_number,
        a1_0.balance,
        a1_0.created_at,
        a1_0.updated_at,
        a1_0.user_id,
        a1_0.version 
    from
        accounts a1_0 
    where
        a1_0.account_number=? 
        and a1_0.user_id=?
Hibernate: 
    select
        a1_0.id,
        a1_0.account_number,
        a1_0.balance,
        a1_0.created_at,
        a1_0.updated_at,
        a1_0.user_id,
        a1_0.version 
    from
        accounts a1_0 
    where
        a1_0.account_number=? 
        and a1_0.user_id=?
Hibernate: 
    select
        a1_0.id,
        a1_0.account_number,
        a1_0.balance,
        a1_0.created_at,
        a1_0.updated_at,
        a1_0.user_id,
        a1_0.version 
    from
        accounts a1_0 
    where
        a1_0.account_number=? 
        and a1_0.user_id=?
Hibernate: 
    select
        a1_0.id,
        a1_0.account_number,
        a1_0.balance,
        a1_0.created_at,
        a1_0.updated_at,
        a1_0.user_id,
        a1_0.version 
    from
        accounts a1_0 
    where
        a1_0.account_number=? 
        and a1_0.user_id=?
Hibernate: 
    select
        a1_0.id,
        a1_0.account_number,
        a1_0.balance,
        a1_0.created_at,
        a1_0.updated_at,
        a1_0.user_id,
        a1_0.version 
    from
        accounts a1_0 
    where
        a1_0.account_number=? 
        and a1_0.user_id=?
Hibernate: 
    select
        a1_0.id,
        a1_0.account_number,
        a1_0.balance,
        a1_0.created_at,
        a1_0.updated_at,
        a1_0.user_id,
        a1_0.version 
    from
        accounts a1_0 
    where
        a1_0.account_number=? 
        and a1_0.user_id=?
Hibernate: 
    select
        a1_0.id,
        a1_0.account_number,
        a1_0.balance,
        a1_0.created_at,
        a1_0.updated_at,
        a1_0.user_id,
        a1_0.version 
    from
        accounts a1_0 
    where
        a1_0.account_number=? 
        and a1_0.user_id=?
Hibernate: 
    select
        a1_0.id,
        a1_0.account_number,
        a1_0.balance,
        a1_0.created_at,
        a1_0.updated_at,
        a1_0.user_id,
        a1_0.version 
    from
        accounts a1_0 
    where
        a1_0.account_number=? 
        and a1_0.user_id=?
Hibernate: 
    select
        a1_0.id,
        a1_0.account_number,
        a1_0.balance,
        a1_0.created_at,
        a1_0.updated_at,
        a1_0.user_id,
        a1_0.version 
    from
        accounts a1_0 
    where
        a1_0.account_number=? 
        and a1_0.user_id=?
Hibernate: 
    select
        a1_0.id,
        a1_0.account_number,
        a1_0.balance,
        a1_0.created_at,
        a1_0.updated_at,
        a1_0.user_id,
        a1_0.version 
    from
        accounts a1_0 
    where
        a1_0.account_number=?
Hibernate: 
    select
        a1_0.id,
        a1_0.account_number,
        a1_0.balance,
        a1_0.created_at,
        a1_0.updated_at,
        a1_0.user_id,
        a1_0.version 
    from
        accounts a1_0 
    where
        a1_0.account_number=?
Hibernate: 
    select
        a1_0.id,
        a1_0.account_number,
        a1_0.balance,
        a1_0.created_at,
        a1_0.updated_at,
        a1_0.user_id,
        a1_0.version 
    from
        accounts a1_0 
    where
        a1_0.account_number=?
Hibernate: 
    select
        a1_0.id,
        a1_0.account_number,
        a1_0.balance,
        a1_0.created_at,
        a1_0.updated_at,
        a1_0.user_id,
        a1_0.version 
    from
        accounts a1_0 
    where
        a1_0.account_number=?
Hibernate: 
    select
        a1_0.id,
        a1_0.account_number,
        a1_0.balance,
        a1_0.created_at,
        a1_0.updated_at,
        a1_0.user_id,
        a1_0.version 
    from
        accounts a1_0 
    where
        a1_0.account_number=?
Hibernate: 
    select
        a1_0.id,
        a1_0.account_number,
        a1_0.balance,
        a1_0.created_at,
        a1_0.updated_at,
        a1_0.user_id,
        a1_0.version 
    from
        accounts a1_0 
    where
        a1_0.account_number=?
Hibernate: 
    select
        a1_0.id,
        a1_0.account_number,
        a1_0.balance,
        a1_0.created_at,
        a1_0.updated_at,
        a1_0.user_id,
        a1_0.version 
    from
        accounts a1_0 
    where
        a1_0.account_number=?
Hibernate: 
    select
        a1_0.id,
        a1_0.account_number,
        a1_0.balance,
        a1_0.created_at,
        a1_0.updated_at,
        a1_0.user_id,
        a1_0.version 
    from
        accounts a1_0 
    where
        a1_0.account_number=?
Hibernate: 
    select
        a1_0.id,
        a1_0.account_number,
        a1_0.balance,
        a1_0.created_at,
        a1_0.updated_at,
        a1_0.user_id,
        a1_0.version 
    from
        accounts a1_0 
    where
        a1_0.account_number=?
Hibernate: 
    select
        a1_0.id,
        a1_0.account_number,
        a1_0.balance,
        a1_0.created_at,
        a1_0.updated_at,
        a1_0.user_id,
        a1_0.version 
    from
        accounts a1_0 
    where
        a1_0.account_number=?
Hibernate: 
    insert 
    into
        transactions
        (amount, created_at, description, from_account_id, idempotency_key, status, to_account_id, id) 
    values
        (?, ?, ?, ?, ?, ?, ?, default)
Hibernate: 
    insert 
    into
        transactions
        (amount, created_at, description, from_account_id, idempotency_key, status, to_account_id, id) 
    values
        (?, ?, ?, ?, ?, ?, ?, default)
Hibernate: 
    insert 
    into
        transactions
        (amount, created_at, description, from_account_id, idempotency_key, status, to_account_id, id) 
    values
        (?, ?, ?, ?, ?, ?, ?, default)
Hibernate: 
    insert 
    into
        transactions
        (amount, created_at, description, from_account_id, idempotency_key, status, to_account_id, id) 
    values
        (?, ?, ?, ?, ?, ?, ?, default)
Hibernate: 
    insert 
    into
        transactions
        (amount, created_at, description, from_account_id, idempotency_key, status, to_account_id, id) 
    values
        (?, ?, ?, ?, ?, ?, ?, default)
Hibernate: 
    insert 
    into
        transactions
        (amount, created_at, description, from_account_id, idempotency_key, status, to_account_id, id) 
    values
        (?, ?, ?, ?, ?, ?, ?, default)
Hibernate: 
    insert 
    into
        transactions
        (amount, created_at, description, from_account_id, idempotency_key, status, to_account_id, id) 
    values
        (?, ?, ?, ?, ?, ?, ?, default)
Hibernate: 
    insert 
    into
        transactions
        (amount, created_at, description, from_account_id, idempotency_key, status, to_account_id, id) 
    values
        (?, ?, ?, ?, ?, ?, ?, default)
Hibernate: 
    insert 
    into
        transactions
        (amount, created_at, description, from_account_id, idempotency_key, status, to_account_id, id) 
    values
        (?, ?, ?, ?, ?, ?, ?, default)
Hibernate: 
    insert 
    into
        transactions
        (amount, created_at, description, from_account_id, idempotency_key, status, to_account_id, id) 
    values
        (?, ?, ?, ?, ?, ?, ?, default)
Hibernate: 
    insert 
    into
        ledger_entries
        (account_id, amount, balance_after, created_at, transaction_id, type, id) 
    values
        (?, ?, ?, ?, ?, ?, default)
Hibernate: 
    insert 
    into
        ledger_entries
        (account_id, amount, balance_after, created_at, transaction_id, type, id) 
    values
        (?, ?, ?, ?, ?, ?, default)
Hibernate: 
    insert 
    into
        ledger_entries
        (account_id, amount, balance_after, created_at, transaction_id, type, id) 
    values
        (?, ?, ?, ?, ?, ?, default)
Hibernate: 
    insert 
    into
        ledger_entries
        (account_id, amount, balance_after, created_at, transaction_id, type, id) 
    values
        (?, ?, ?, ?, ?, ?, default)
Hibernate: 
    insert 
    into
        ledger_entries
        (account_id, amount, balance_after, created_at, transaction_id, type, id) 
    values
        (?, ?, ?, ?, ?, ?, default)
Hibernate: 
    insert 
    into
        ledger_entries
        (account_id, amount, balance_after, created_at, transaction_id, type, id) 
    values
        (?, ?, ?, ?, ?, ?, default)
Hibernate: 
    insert 
    into
        ledger_entries
        (account_id, amount, balance_after, created_at, transaction_id, type, id) 
    values
        (?, ?, ?, ?, ?, ?, default)
Hibernate: 
    insert 
    into
        ledger_entries
        (account_id, amount, balance_after, created_at, transaction_id, type, id) 
    values
        (?, ?, ?, ?, ?, ?, default)
Hibernate: 
    insert 
    into
        ledger_entries
        (account_id, amount, balance_after, created_at, transaction_id, type, id) 
    values
        (?, ?, ?, ?, ?, ?, default)
Hibernate: 
    insert 
    into
        ledger_entries
        (account_id, amount, balance_after, created_at, transaction_id, type, id) 
    values
        (?, ?, ?, ?, ?, ?, default)
Hibernate: 
    insert 
    into
        ledger_entries
        (account_id, amount, balance_after, created_at, transaction_id, type, id) 
    values
        (?, ?, ?, ?, ?, ?, default)
Hibernate: 
    insert 
    into
        ledger_entries
        (account_id, amount, balance_after, created_at, transaction_id, type, id) 
    values
        (?, ?, ?, ?, ?, ?, default)
Hibernate: 
    insert 
    into
        ledger_entries
        (account_id, amount, balance_after, created_at, transaction_id, type, id) 
    values
        (?, ?, ?, ?, ?, ?, default)
Hibernate: 
    insert 
    into
        ledger_entries
        (account_id, amount, balance_after, created_at, transaction_id, type, id) 
    values
        (?, ?, ?, ?, ?, ?, default)
Hibernate: 
    insert 
    into
        ledger_entries
        (account_id, amount, balance_after, created_at, transaction_id, type, id) 
    values
        (?, ?, ?, ?, ?, ?, default)
Hibernate: 
    insert 
    into
        ledger_entries
        (account_id, amount, balance_after, created_at, transaction_id, type, id) 
    values
        (?, ?, ?, ?, ?, ?, default)
Hibernate: 
    insert 
    into
        ledger_entries
        (account_id, amount, balance_after, created_at, transaction_id, type, id) 
    values
        (?, ?, ?, ?, ?, ?, default)
Hibernate: 
    insert 
    into
        ledger_entries
        (account_id, amount, balance_after, created_at, transaction_id, type, id) 
    values
        (?, ?, ?, ?, ?, ?, default)
Hibernate: 
    insert 
    into
        ledger_entries
        (account_id, amount, balance_after, created_at, transaction_id, type, id) 
    values
        (?, ?, ?, ?, ?, ?, default)
Hibernate: 
    insert 
    into
        ledger_entries
        (account_id, amount, balance_after, created_at, transaction_id, type, id) 
    values
        (?, ?, ?, ?, ?, ?, default)
2026-07-14 19:53:35.379  INFO [req=, user=, ip=] [ool-2-thread-17] c.ledgerlock.service.TransactionService  : Transfer completed successfully. TX ID: 1, Key: 85e69ad0-8b68-4683-8f20-aed2457fea95, From: ********SS-A, To: ********SS-B, Amount: 5.0000
2026-07-14 19:53:35.379  INFO [req=, user=, ip=] [pool-2-thread-5] c.ledgerlock.service.TransactionService  : Transfer completed successfully. TX ID: 8, Key: 00998e79-d3f2-4e15-acd7-0e6f5826e5f2, From: ********SS-A, To: ********SS-B, Amount: 5.0000
2026-07-14 19:53:35.379  INFO [req=, user=, ip=] [ool-2-thread-16] c.ledgerlock.service.TransactionService  : Transfer completed successfully. TX ID: 2, Key: 4057ec3b-305e-472d-b272-47aebb2b8b9f, From: ********SS-A, To: ********SS-B, Amount: 5.0000
2026-07-14 19:53:35.379  INFO [req=, user=, ip=] [pool-2-thread-6] c.ledgerlock.service.TransactionService  : Transfer completed successfully. TX ID: 10, Key: 4e812c22-d81d-4f21-8014-4902bf759aab, From: ********SS-A, To: ********SS-B, Amount: 5.0000
2026-07-14 19:53:35.379  INFO [req=, user=, ip=] [ool-2-thread-15] c.ledgerlock.service.TransactionService  : Transfer completed successfully. TX ID: 7, Key: cac668a8-94cc-46c4-a937-9a9784aa1269, From: ********SS-A, To: ********SS-B, Amount: 5.0000
2026-07-14 19:53:35.379  INFO [req=, user=, ip=] [pool-2-thread-3] c.ledgerlock.service.TransactionService  : Transfer completed successfully. TX ID: 4, Key: 588d10dd-1299-4941-b7b8-e98104a50ed6, From: ********SS-A, To: ********SS-B, Amount: 5.0000
2026-07-14 19:53:35.379  INFO [req=, user=, ip=] [pool-2-thread-1] c.ledgerlock.service.TransactionService  : Transfer completed successfully. TX ID: 6, Key: 547461d6-36fe-4287-99a2-fc8632705849, From: ********SS-A, To: ********SS-B, Amount: 5.0000
2026-07-14 19:53:35.380  INFO [req=, user=, ip=] [pool-2-thread-2] c.ledgerlock.service.TransactionService  : Transfer completed successfully. TX ID: 3, Key: f611dd28-1cd0-49a2-8ed9-4493b4e08ab1, From: ********SS-A, To: ********SS-B, Amount: 5.0000
Hibernate: 
    update
        idempotency_keys 
    set
        response_body=?,
        response_code=?,
        status=? 
    where
        idempotency_key=?
Hibernate: 
    update
        idempotency_keys 
    set
        response_body=?,
        response_code=?,
        status=? 
    where
        idempotency_key=?
Hibernate: 
    update
        idempotency_keys 
    set
        response_body=?,
        response_code=?,
        status=? 
    where
        idempotency_key=?
Hibernate: 
    update
        idempotency_keys 
    set
        response_body=?,
        response_code=?,
        status=? 
    where
        idempotency_key=?
2026-07-14 19:53:35.380  INFO [req=, user=, ip=] [ool-2-thread-18] c.ledgerlock.service.TransactionService  : Transfer completed successfully. TX ID: 9, Key: 2916501e-d016-4125-8ba1-2534f9c7fc75, From: ********SS-A, To: ********SS-B, Amount: 5.0000
Hibernate: 
    update
        idempotency_keys 
    set
        response_body=?,
        response_code=?,
        status=? 
    where
        idempotency_key=?
Hibernate: 
    update
        idempotency_keys 
    set
        response_body=?,
        response_code=?,
        status=? 
    where
        idempotency_key=?
Hibernate: 
    update
        idempotency_keys 
    set
        response_body=?,
        response_code=?,
        status=? 
    where
        idempotency_key=?
2026-07-14 19:53:35.380  INFO [req=, user=, ip=] [ool-2-thread-14] c.ledgerlock.service.TransactionService  : Transfer completed successfully. TX ID: 5, Key: 7a5b80b8-48f4-46a3-b912-0b7531c7f3b9, From: ********SS-A, To: ********SS-B, Amount: 5.0000
Hibernate: 
    update
        idempotency_keys 
    set
        response_body=?,
        response_code=?,
        status=? 
    where
        idempotency_key=?
Hibernate: 
    update
        idempotency_keys 
    set
        response_body=?,
        response_code=?,
        status=? 
    where
        idempotency_key=?
Hibernate: 
    update
        idempotency_keys 
    set
        response_body=?,
        response_code=?,
        status=? 
    where
        idempotency_key=?
Hibernate: 
    update
        accounts 
    set
        account_number=?,
        balance=?,
        updated_at=?,
        user_id=?,
        version=? 
    where
        id=? 
        and version=?
Hibernate: 
    update
        accounts 
    set
        account_number=?,
        balance=?,
        updated_at=?,
        user_id=?,
        version=? 
    where
        id=? 
        and version=?
Hibernate: 
    update
        accounts 
    set
        account_number=?,
        balance=?,
        updated_at=?,
        user_id=?,
        version=? 
    where
        id=? 
        and version=?
Hibernate: 
    update
        accounts 
    set
        account_number=?,
        balance=?,
        updated_at=?,
        user_id=?,
        version=? 
    where
        id=? 
        and version=?
Hibernate: 
    update
        accounts 
    set
        account_number=?,
        balance=?,
        updated_at=?,
        user_id=?,
        version=? 
    where
        id=? 
        and version=?
Hibernate: 
    update
        accounts 
    set
        account_number=?,
        balance=?,
        updated_at=?,
        user_id=?,
        version=? 
    where
        id=? 
        and version=?
Hibernate: 
    update
        accounts 
    set
        account_number=?,
        balance=?,
        updated_at=?,
        user_id=?,
        version=? 
    where
        id=? 
        and version=?
Hibernate: 
    update
        accounts 
    set
        account_number=?,
        balance=?,
        updated_at=?,
        user_id=?,
        version=? 
    where
        id=? 
        and version=?
Hibernate: 
    update
        accounts 
    set
        account_number=?,
        balance=?,
        updated_at=?,
        user_id=?,
        version=? 
    where
        id=? 
        and version=?
Hibernate: 
    update
        accounts 
    set
        account_number=?,
        balance=?,
        updated_at=?,
        user_id=?,
        version=? 
    where
        id=? 
        and version=?
Hibernate: 
    update
        accounts 
    set
        account_number=?,
        balance=?,
        updated_at=?,
        user_id=?,
        version=? 
    where
        id=? 
        and version=?
Hibernate: 
    select
        ik1_0.idempotency_key,
        ik1_0.created_at,
        ik1_0.response_body,
        ik1_0.response_code,
        ik1_0.status 
    from
        idempotency_keys ik1_0 
    where
        ik1_0.idempotency_key=?
Hibernate: 
    insert 
    into
        idempotency_keys
        (created_at, response_body, response_code, status, idempotency_key) 
    values
        (?, ?, ?, ?, ?)
Hibernate: 
    select
        a1_0.id,
        a1_0.account_number,
        a1_0.balance,
        a1_0.created_at,
        a1_0.updated_at,
        a1_0.user_id,
        a1_0.version 
    from
        accounts a1_0 
    where
        a1_0.account_number=? 
        and a1_0.user_id=?
Hibernate: 
    select
        a1_0.id,
        a1_0.account_number,
        a1_0.balance,
        a1_0.created_at,
        a1_0.updated_at,
        a1_0.user_id,
        a1_0.version 
    from
        accounts a1_0 
    where
        a1_0.account_number=?
Hibernate: 
    select
        a1_0.id,
        a1_0.account_number,
        a1_0.balance,
        a1_0.created_at,
        a1_0.updated_at,
        a1_0.user_id,
        a1_0.version 
    from
        accounts a1_0 
    where
        a1_0.id=?
Hibernate: 
    select
        a1_0.id,
        a1_0.account_number,
        a1_0.balance,
        a1_0.created_at,
        a1_0.updated_at,
        a1_0.user_id,
        a1_0.version 
    from
        accounts a1_0 
    where
        a1_0.id=?
Hibernate: 
    select
        a1_0.id,
        a1_0.account_number,
        a1_0.balance,
        a1_0.created_at,
        a1_0.updated_at,
        a1_0.user_id,
        a1_0.version 
    from
        accounts a1_0 
    where
        a1_0.id=?
Hibernate: 
    insert 
    into
        transactions
        (amount, created_at, description, from_account_id, idempotency_key, status, to_account_id, id) 
    values
        (?, ?, ?, ?, ?, ?, ?, default)
Hibernate: 
    select
        a1_0.id,
        a1_0.account_number,
        a1_0.balance,
        a1_0.created_at,
        a1_0.updated_at,
        a1_0.user_id,
        a1_0.version 
    from
        accounts a1_0 
    where
        a1_0.id=?
Hibernate: 
    select
        a1_0.id,
        a1_0.account_number,
        a1_0.balance,
        a1_0.created_at,
        a1_0.updated_at,
        a1_0.user_id,
        a1_0.version 
    from
        accounts a1_0 
    where
        a1_0.id=?
Hibernate: 
    select
        a1_0.id,
        a1_0.account_number,
        a1_0.balance,
        a1_0.created_at,
        a1_0.updated_at,
        a1_0.user_id,
        a1_0.version 
    from
        accounts a1_0 
    where
        a1_0.id=?
Hibernate: 
    insert 
    into
        ledger_entries
        (account_id, amount, balance_after, created_at, transaction_id, type, id) 
    values
        (?, ?, ?, ?, ?, ?, default)
Hibernate: 
    select
        ik1_0.idempotency_key,
        ik1_0.created_at,
        ik1_0.response_body,
        ik1_0.response_code,
        ik1_0.status 
    from
        idempotency_keys ik1_0 
    where
        ik1_0.idempotency_key=?
Hibernate: 
    select
        a1_0.id,
        a1_0.account_number,
        a1_0.balance,
        a1_0.created_at,
        a1_0.updated_at,
        a1_0.user_id,
        a1_0.version 
    from
        accounts a1_0 
    where
        a1_0.id=?
Hibernate: 
    select
        ik1_0.idempotency_key,
        ik1_0.created_at,
        ik1_0.response_body,
        ik1_0.response_code,
        ik1_0.status 
    from
        idempotency_keys ik1_0 
    where
        ik1_0.idempotency_key=?
Hibernate: 
    select
        a1_0.id,
        a1_0.account_number,
        a1_0.balance,
        a1_0.created_at,
        a1_0.updated_at,
        a1_0.user_id,
        a1_0.version 
    from
        accounts a1_0 
    where
        a1_0.id=?
Hibernate: 
    insert 
    into
        ledger_entries
        (account_id, amount, balance_after, created_at, transaction_id, type, id) 
    values
        (?, ?, ?, ?, ?, ?, default)
Hibernate: 
    select
        ik1_0.idempotency_key,
        ik1_0.created_at,
        ik1_0.response_body,
        ik1_0.response_code,
        ik1_0.status 
    from
        idempotency_keys ik1_0 
    where
        ik1_0.idempotency_key=?
Hibernate: 
    select
        ik1_0.idempotency_key,
        ik1_0.created_at,
        ik1_0.response_body,
        ik1_0.response_code,
        ik1_0.status 
    from
        idempotency_keys ik1_0 
    where
        ik1_0.idempotency_key=?
Hibernate: 
    insert 
    into
        idempotency_keys
        (created_at, response_body, response_code, status, idempotency_key) 
    values
        (?, ?, ?, ?, ?)
Hibernate: 
    select
        ik1_0.idempotency_key,
        ik1_0.created_at,
        ik1_0.response_body,
        ik1_0.response_code,
        ik1_0.status 
    from
        idempotency_keys ik1_0 
    where
        ik1_0.idempotency_key=?
2026-07-14 19:53:35.408  INFO [req=, user=, ip=] [pool-2-thread-7] c.ledgerlock.service.TransactionService  : Transfer completed successfully. TX ID: 11, Key: 83053aed-7fc7-4ef3-a3ab-41a8dd40fd94, From: ********SS-A, To: ********SS-B, Amount: 5.0000
Hibernate: 
    insert 
    into
        idempotency_keys
        (created_at, response_body, response_code, status, idempotency_key) 
    values
        (?, ?, ?, ?, ?)
Hibernate: 
    insert 
    into
        idempotency_keys
        (created_at, response_body, response_code, status, idempotency_key) 
    values
        (?, ?, ?, ?, ?)
Hibernate: 
    insert 
    into
        idempotency_keys
        (created_at, response_body, response_code, status, idempotency_key) 
    values
        (?, ?, ?, ?, ?)
Hibernate: 
    update
        idempotency_keys 
    set
        response_body=?,
        response_code=?,
        status=? 
    where
        idempotency_key=?
Hibernate: 
    select
        a1_0.id,
        a1_0.account_number,
        a1_0.balance,
        a1_0.created_at,
        a1_0.updated_at,
        a1_0.user_id,
        a1_0.version 
    from
        accounts a1_0 
    where
        a1_0.id=?
Hibernate: 
    select
        ik1_0.idempotency_key,
        ik1_0.created_at,
        ik1_0.response_body,
        ik1_0.response_code,
        ik1_0.status 
    from
        idempotency_keys ik1_0 
    where
        ik1_0.idempotency_key=?
Hibernate: 
    select
        ik1_0.idempotency_key,
        ik1_0.created_at,
        ik1_0.response_body,
        ik1_0.response_code,
        ik1_0.status 
    from
        idempotency_keys ik1_0 
    where
        ik1_0.idempotency_key=?
Hibernate: 
    select
        ik1_0.idempotency_key,
        ik1_0.created_at,
        ik1_0.response_body,
        ik1_0.response_code,
        ik1_0.status 
    from
        idempotency_keys ik1_0 
    where
        ik1_0.idempotency_key=?
Hibernate: 
    select
        a1_0.id,
        a1_0.account_number,
        a1_0.balance,
        a1_0.created_at,
        a1_0.updated_at,
        a1_0.user_id,
        a1_0.version 
    from
        accounts a1_0 
    where
        a1_0.account_number=? 
        and a1_0.user_id=?
Hibernate: 
    insert 
    into
        idempotency_keys
        (created_at, response_body, response_code, status, idempotency_key) 
    values
        (?, ?, ?, ?, ?)
Hibernate: 
    update
        accounts 
    set
        account_number=?,
        balance=?,
        updated_at=?,
        user_id=?,
        version=? 
    where
        id=? 
        and version=?
Hibernate: 
    insert 
    into
        idempotency_keys
        (created_at, response_body, response_code, status, idempotency_key) 
    values
        (?, ?, ?, ?, ?)
Hibernate: 
    insert 
    into
        idempotency_keys
        (created_at, response_body, response_code, status, idempotency_key) 
    values
        (?, ?, ?, ?, ?)
Hibernate: 
    select
        a1_0.id,
        a1_0.account_number,
        a1_0.balance,
        a1_0.created_at,
        a1_0.updated_at,
        a1_0.user_id,
        a1_0.version 
    from
        accounts a1_0 
    where
        a1_0.account_number=? 
        and a1_0.user_id=?
Hibernate: 
    select
        a1_0.id,
        a1_0.account_number,
        a1_0.balance,
        a1_0.created_at,
        a1_0.updated_at,
        a1_0.user_id,
        a1_0.version 
    from
        accounts a1_0 
    where
        a1_0.account_number=? 
        and a1_0.user_id=?
Hibernate: 
    select
        a1_0.id,
        a1_0.account_number,
        a1_0.balance,
        a1_0.created_at,
        a1_0.updated_at,
        a1_0.user_id,
        a1_0.version 
    from
        accounts a1_0 
    where
        a1_0.account_number=?
Hibernate: 
    select
        a1_0.id,
        a1_0.account_number,
        a1_0.balance,
        a1_0.created_at,
        a1_0.updated_at,
        a1_0.user_id,
        a1_0.version 
    from
        accounts a1_0 
    where
        a1_0.account_number=? 
        and a1_0.user_id=?
Hibernate: 
    select
        a1_0.id,
        a1_0.account_number,
        a1_0.balance,
        a1_0.created_at,
        a1_0.updated_at,
        a1_0.user_id,
        a1_0.version 
    from
        accounts a1_0 
    where
        a1_0.account_number=? 
        and a1_0.user_id=?
Hibernate: 
    select
        ik1_0.idempotency_key,
        ik1_0.created_at,
        ik1_0.response_body,
        ik1_0.response_code,
        ik1_0.status 
    from
        idempotency_keys ik1_0 
    where
        ik1_0.idempotency_key=?
Hibernate: 
    insert 
    into
        idempotency_keys
        (created_at, response_body, response_code, status, idempotency_key) 
    values
        (?, ?, ?, ?, ?)
Hibernate: 
    update
        accounts 
    set
        account_number=?,
        balance=?,
        updated_at=?,
        user_id=?,
        version=? 
    where
        id=? 
        and version=?
Hibernate: 
    select
        a1_0.id,
        a1_0.account_number,
        a1_0.balance,
        a1_0.created_at,
        a1_0.updated_at,
        a1_0.user_id,
        a1_0.version 
    from
        accounts a1_0 
    where
        a1_0.account_number=? 
        and a1_0.user_id=?
Hibernate: 
    insert 
    into
        idempotency_keys
        (created_at, response_body, response_code, status, idempotency_key) 
    values
        (?, ?, ?, ?, ?)
Hibernate: 
    insert 
    into
        transactions
        (amount, created_at, description, from_account_id, idempotency_key, status, to_account_id, id) 
    values
        (?, ?, ?, ?, ?, ?, ?, default)
Hibernate: 
    select
        ik1_0.idempotency_key,
        ik1_0.created_at,
        ik1_0.response_body,
        ik1_0.response_code,
        ik1_0.status 
    from
        idempotency_keys ik1_0 
    where
        ik1_0.idempotency_key=?
Hibernate: 
    select
        a1_0.id,
        a1_0.account_number,
        a1_0.balance,
        a1_0.created_at,
        a1_0.updated_at,
        a1_0.user_id,
        a1_0.version 
    from
        accounts a1_0 
    where
        a1_0.account_number=? 
        and a1_0.user_id=?
Hibernate: 
    select
        a1_0.id,
        a1_0.account_number,
        a1_0.balance,
        a1_0.created_at,
        a1_0.updated_at,
        a1_0.user_id,
        a1_0.version 
    from
        accounts a1_0 
    where
        a1_0.account_number=?
Hibernate: 
    select
        a1_0.id,
        a1_0.account_number,
        a1_0.balance,
        a1_0.created_at,
        a1_0.updated_at,
        a1_0.user_id,
        a1_0.version 
    from
        accounts a1_0 
    where
        a1_0.account_number=?
Hibernate: 
    select
        a1_0.id,
        a1_0.account_number,
        a1_0.balance,
        a1_0.created_at,
        a1_0.updated_at,
        a1_0.user_id,
        a1_0.version 
    from
        accounts a1_0 
    where
        a1_0.account_number=?
Hibernate: 
    select
        a1_0.id,
        a1_0.account_number,
        a1_0.balance,
        a1_0.created_at,
        a1_0.updated_at,
        a1_0.user_id,
        a1_0.version 
    from
        accounts a1_0 
    where
        a1_0.account_number=?
Hibernate: 
    select
        a1_0.id,
        a1_0.account_number,
        a1_0.balance,
        a1_0.created_at,
        a1_0.updated_at,
        a1_0.user_id,
        a1_0.version 
    from
        accounts a1_0 
    where
        a1_0.account_number=?
Hibernate: 
    insert 
    into
        idempotency_keys
        (created_at, response_body, response_code, status, idempotency_key) 
    values
        (?, ?, ?, ?, ?)
Hibernate: 
    insert 
    into
        ledger_entries
        (account_id, amount, balance_after, created_at, transaction_id, type, id) 
    values
        (?, ?, ?, ?, ?, ?, default)
Hibernate: 
    insert 
    into
        transactions
        (amount, created_at, description, from_account_id, idempotency_key, status, to_account_id, id) 
    values
        (?, ?, ?, ?, ?, ?, ?, default)
Hibernate: 
    insert 
    into
        transactions
        (amount, created_at, description, from_account_id, idempotency_key, status, to_account_id, id) 
    values
        (?, ?, ?, ?, ?, ?, ?, default)
Hibernate: 
    insert 
    into
        transactions
        (amount, created_at, description, from_account_id, idempotency_key, status, to_account_id, id) 
    values
        (?, ?, ?, ?, ?, ?, ?, default)
Hibernate: 
    select
        a1_0.id,
        a1_0.account_number,
        a1_0.balance,
        a1_0.created_at,
        a1_0.updated_at,
        a1_0.user_id,
        a1_0.version 
    from
        accounts a1_0 
    where
        a1_0.account_number=? 
        and a1_0.user_id=?
Hibernate: 
    insert 
    into
        transactions
        (amount, created_at, description, from_account_id, idempotency_key, status, to_account_id, id) 
    values
        (?, ?, ?, ?, ?, ?, ?, default)
Hibernate: 
    select
        a1_0.id,
        a1_0.account_number,
        a1_0.balance,
        a1_0.created_at,
        a1_0.updated_at,
        a1_0.user_id,
        a1_0.version 
    from
        accounts a1_0 
    where
        a1_0.account_number=? 
        and a1_0.user_id=?
Hibernate: 
    insert 
    into
        transactions
        (amount, created_at, description, from_account_id, idempotency_key, status, to_account_id, id) 
    values
        (?, ?, ?, ?, ?, ?, ?, default)
Hibernate: 
    insert 
    into
        ledger_entries
        (account_id, amount, balance_after, created_at, transaction_id, type, id) 
    values
        (?, ?, ?, ?, ?, ?, default)
Hibernate: 
    insert 
    into
        ledger_entries
        (account_id, amount, balance_after, created_at, transaction_id, type, id) 
    values
        (?, ?, ?, ?, ?, ?, default)
Hibernate: 
    insert 
    into
        ledger_entries
        (account_id, amount, balance_after, created_at, transaction_id, type, id) 
    values
        (?, ?, ?, ?, ?, ?, default)
Hibernate: 
    insert 
    into
        ledger_entries
        (account_id, amount, balance_after, created_at, transaction_id, type, id) 
    values
        (?, ?, ?, ?, ?, ?, default)
Hibernate: 
    select
        a1_0.id,
        a1_0.account_number,
        a1_0.balance,
        a1_0.created_at,
        a1_0.updated_at,
        a1_0.user_id,
        a1_0.version 
    from
        accounts a1_0 
    where
        a1_0.account_number=?
Hibernate: 
    insert 
    into
        ledger_entries
        (account_id, amount, balance_after, created_at, transaction_id, type, id) 
    values
        (?, ?, ?, ?, ?, ?, default)
Hibernate: 
    insert 
    into
        ledger_entries
        (account_id, amount, balance_after, created_at, transaction_id, type, id) 
    values
        (?, ?, ?, ?, ?, ?, default)
Hibernate: 
    insert 
    into
        ledger_entries
        (account_id, amount, balance_after, created_at, transaction_id, type, id) 
    values
        (?, ?, ?, ?, ?, ?, default)
Hibernate: 
    select
        a1_0.id,
        a1_0.account_number,
        a1_0.balance,
        a1_0.created_at,
        a1_0.updated_at,
        a1_0.user_id,
        a1_0.version 
    from
        accounts a1_0 
    where
        a1_0.account_number=?
2026-07-14 19:53:35.432  INFO [req=, user=, ip=] [pool-2-thread-9] c.ledgerlock.service.TransactionService  : Transfer completed successfully. TX ID: 12, Key: 897fa196-86fa-4e63-b578-9eaf070b910f, From: ********SS-A, To: ********SS-B, Amount: 5.0000
Hibernate: 
    select
        a1_0.id,
        a1_0.account_number,
        a1_0.balance,
        a1_0.created_at,
        a1_0.updated_at,
        a1_0.user_id,
        a1_0.version 
    from
        accounts a1_0 
    where
        a1_0.account_number=?
Hibernate: 
    insert 
    into
        ledger_entries
        (account_id, amount, balance_after, created_at, transaction_id, type, id) 
    values
        (?, ?, ?, ?, ?, ?, default)
Hibernate: 
    insert 
    into
        ledger_entries
        (account_id, amount, balance_after, created_at, transaction_id, type, id) 
    values
        (?, ?, ?, ?, ?, ?, default)
Hibernate: 
    insert 
    into
        ledger_entries
        (account_id, amount, balance_after, created_at, transaction_id, type, id) 
    values
        (?, ?, ?, ?, ?, ?, default)
Hibernate: 
    update
        idempotency_keys 
    set
        response_body=?,
        response_code=?,
        status=? 
    where
        idempotency_key=?
Hibernate: 
    select
        a1_0.id,
        a1_0.account_number,
        a1_0.balance,
        a1_0.created_at,
        a1_0.updated_at,
        a1_0.user_id,
        a1_0.version 
    from
        accounts a1_0 
    where
        a1_0.account_number=? 
        and a1_0.user_id=?
Hibernate: 
    insert 
    into
        transactions
        (amount, created_at, description, from_account_id, idempotency_key, status, to_account_id, id) 
    values
        (?, ?, ?, ?, ?, ?, ?, default)
2026-07-14 19:53:35.434  INFO [req=, user=, ip=] [pool-2-thread-8] c.ledgerlock.service.TransactionService  : Transfer completed successfully. TX ID: 15, Key: d538bbdc-2dee-40e7-b03f-d3d9c2c17a3f, From: ********SS-A, To: ********SS-B, Amount: 5.0000
2026-07-14 19:53:35.435  INFO [req=, user=, ip=] [ool-2-thread-10] c.ledgerlock.service.TransactionService  : Transfer completed successfully. TX ID: 16, Key: 76e43cc7-0037-4682-b841-580aa4de38e5, From: ********SS-A, To: ********SS-B, Amount: 5.0000
Hibernate: 
    insert 
    into
        ledger_entries
        (account_id, amount, balance_after, created_at, transaction_id, type, id) 
    values
        (?, ?, ?, ?, ?, ?, default)
Hibernate: 
    insert 
    into
        transactions
        (amount, created_at, description, from_account_id, idempotency_key, status, to_account_id, id) 
    values
        (?, ?, ?, ?, ?, ?, ?, default)
2026-07-14 19:53:35.436  INFO [req=, user=, ip=] [ool-2-thread-13] c.ledgerlock.service.TransactionService  : Transfer completed successfully. TX ID: 14, Key: a39f7bd5-80b7-4a63-9743-f3cd874bd6b5, From: ********SS-A, To: ********SS-B, Amount: 5.0000
Hibernate: 
    insert 
    into
        transactions
        (amount, created_at, description, from_account_id, idempotency_key, status, to_account_id, id) 
    values
        (?, ?, ?, ?, ?, ?, ?, default)
2026-07-14 19:53:35.436  INFO [req=, user=, ip=] [ool-2-thread-20] c.ledgerlock.service.TransactionService  : Transfer completed successfully. TX ID: 17, Key: ad92663a-19f2-4d3b-9965-84386dfff255, From: ********SS-A, To: ********SS-B, Amount: 5.0000
Hibernate: 
    update
        accounts 
    set
        account_number=?,
        balance=?,
        updated_at=?,
        user_id=?,
        version=? 
    where
        id=? 
        and version=?
Hibernate: 
    update
        idempotency_keys 
    set
        response_body=?,
        response_code=?,
        status=? 
    where
        idempotency_key=?
Hibernate: 
    insert 
    into
        ledger_entries
        (account_id, amount, balance_after, created_at, transaction_id, type, id) 
    values
        (?, ?, ?, ?, ?, ?, default)
Hibernate: 
    update
        idempotency_keys 
    set
        response_body=?,
        response_code=?,
        status=? 
    where
        idempotency_key=?
Hibernate: 
    insert 
    into
        ledger_entries
        (account_id, amount, balance_after, created_at, transaction_id, type, id) 
    values
        (?, ?, ?, ?, ?, ?, default)
Hibernate: 
    update
        idempotency_keys 
    set
        response_body=?,
        response_code=?,
        status=? 
    where
        idempotency_key=?
2026-07-14 19:53:35.437  INFO [req=, user=, ip=] [ool-2-thread-19] c.ledgerlock.service.TransactionService  : Transfer completed successfully. TX ID: 13, Key: 12de5d61-0e71-4e6e-a57a-bca05367f50a, From: ********SS-A, To: ********SS-B, Amount: 5.0000
Hibernate: 
    update
        accounts 
    set
        account_number=?,
        balance=?,
        updated_at=?,
        user_id=?,
        version=? 
    where
        id=? 
        and version=?
Hibernate: 
    insert 
    into
        ledger_entries
        (account_id, amount, balance_after, created_at, transaction_id, type, id) 
    values
        (?, ?, ?, ?, ?, ?, default)
Hibernate: 
    insert 
    into
        ledger_entries
        (account_id, amount, balance_after, created_at, transaction_id, type, id) 
    values
        (?, ?, ?, ?, ?, ?, default)
Hibernate: 
    insert 
    into
        ledger_entries
        (account_id, amount, balance_after, created_at, transaction_id, type, id) 
    values
        (?, ?, ?, ?, ?, ?, default)
Hibernate: 
    select
        a1_0.id,
        a1_0.account_number,
        a1_0.balance,
        a1_0.created_at,
        a1_0.updated_at,
        a1_0.user_id,
        a1_0.version 
    from
        accounts a1_0 
    where
        a1_0.id=?
Hibernate: 
    update
        accounts 
    set
        account_number=?,
        balance=?,
        updated_at=?,
        user_id=?,
        version=? 
    where
        id=? 
        and version=?
Hibernate: 
    insert 
    into
        ledger_entries
        (account_id, amount, balance_after, created_at, transaction_id, type, id) 
    values
        (?, ?, ?, ?, ?, ?, default)
Hibernate: 
    select
        a1_0.id,
        a1_0.account_number,
        a1_0.balance,
        a1_0.created_at,
        a1_0.updated_at,
        a1_0.user_id,
        a1_0.version 
    from
        accounts a1_0 
    where
        a1_0.id=?
2026-07-14 19:53:35.440  INFO [req=, user=, ip=] [pool-2-thread-4] c.ledgerlock.service.TransactionService  : Transfer completed successfully. TX ID: 18, Key: 3d5cfe69-42c8-444e-9711-5df39a355c5a, From: ********SS-A, To: ********SS-B, Amount: 5.0000
Hibernate: 
    update
        idempotency_keys 
    set
        response_body=?,
        response_code=?,
        status=? 
    where
        idempotency_key=?
2026-07-14 19:53:35.442  INFO [req=, user=, ip=] [pool-2-thread-6] c.ledgerlock.service.TransactionService  : Transfer completed successfully. TX ID: 19, Key: 97595ed6-7de3-42c1-bba2-ddd4e2c127de, From: ********SS-A, To: ********SS-B, Amount: 5.0000
Hibernate: 
    update
        idempotency_keys 
    set
        response_body=?,
        response_code=?,
        status=? 
    where
        idempotency_key=?
Hibernate: 
    update
        accounts 
    set
        account_number=?,
        balance=?,
        updated_at=?,
        user_id=?,
        version=? 
    where
        id=? 
        and version=?
Hibernate: 
    select
        ik1_0.idempotency_key,
        ik1_0.created_at,
        ik1_0.response_body,
        ik1_0.response_code,
        ik1_0.status 
    from
        idempotency_keys ik1_0 
    where
        ik1_0.idempotency_key=?
2026-07-14 19:53:35.442  INFO [req=, user=, ip=] [ool-2-thread-12] c.ledgerlock.service.TransactionService  : Transfer completed successfully. TX ID: 20, Key: f5294e27-0a59-4617-b1db-6d1e2598af5c, From: ********SS-A, To: ********SS-B, Amount: 5.0000
Hibernate: 
    update
        accounts 
    set
        account_number=?,
        balance=?,
        updated_at=?,
        user_id=?,
        version=? 
    where
        id=? 
        and version=?
Hibernate: 
    update
        accounts 
    set
        account_number=?,
        balance=?,
        updated_at=?,
        user_id=?,
        version=? 
    where
        id=? 
        and version=?
Hibernate: 
    update
        idempotency_keys 
    set
        response_body=?,
        response_code=?,
        status=? 
    where
        idempotency_key=?
Hibernate: 
    select
        a1_0.id,
        a1_0.account_number,
        a1_0.balance,
        a1_0.created_at,
        a1_0.updated_at,
        a1_0.user_id,
        a1_0.version 
    from
        accounts a1_0 
    where
        a1_0.id=?
Hibernate: 
    select
        a1_0.id,
        a1_0.account_number,
        a1_0.balance,
        a1_0.created_at,
        a1_0.updated_at,
        a1_0.user_id,
        a1_0.version 
    from
        accounts a1_0 
    where
        a1_0.id=?
Hibernate: 
    update
        idempotency_keys 
    set
        response_body=?,
        response_code=?,
        status=? 
    where
        idempotency_key=?
Hibernate: 
    select
        a1_0.id,
        a1_0.account_number,
        a1_0.balance,
        a1_0.created_at,
        a1_0.updated_at,
        a1_0.user_id,
        a1_0.version 
    from
        accounts a1_0 
    where
        a1_0.account_number=?
Hibernate: 
    update
        accounts 
    set
        account_number=?,
        balance=?,
        updated_at=?,
        user_id=?,
        version=? 
    where
        id=? 
        and version=?
Hibernate: 
    insert 
    into
        idempotency_keys
        (created_at, response_body, response_code, status, idempotency_key) 
    values
        (?, ?, ?, ?, ?)
Hibernate: 
    update
        idempotency_keys 
    set
        response_body=?,
        response_code=?,
        status=? 
    where
        idempotency_key=?
Hibernate: 
    update
        accounts 
    set
        account_number=?,
        balance=?,
        updated_at=?,
        user_id=?,
        version=? 
    where
        id=? 
        and version=?
Hibernate: 
    select
        a1_0.id,
        a1_0.account_number,
        a1_0.balance,
        a1_0.created_at,
        a1_0.updated_at,
        a1_0.user_id,
        a1_0.version 
    from
        accounts a1_0 
    where
        a1_0.id=?
Hibernate: 
    update
        accounts 
    set
        account_number=?,
        balance=?,
        updated_at=?,
        user_id=?,
        version=? 
    where
        id=? 
        and version=?
Hibernate: 
    select
        a1_0.id,
        a1_0.account_number,
        a1_0.balance,
        a1_0.created_at,
        a1_0.updated_at,
        a1_0.user_id,
        a1_0.version 
    from
        accounts a1_0 
    where
        a1_0.id=?
Hibernate: 
    select
        a1_0.id,
        a1_0.account_number,
        a1_0.balance,
        a1_0.created_at,
        a1_0.updated_at,
        a1_0.user_id,
        a1_0.version 
    from
        accounts a1_0 
    where
        a1_0.id=?
Hibernate: 
    select
        ik1_0.idempotency_key,
        ik1_0.created_at,
        ik1_0.response_body,
        ik1_0.response_code,
        ik1_0.status 
    from
        idempotency_keys ik1_0 
    where
        ik1_0.idempotency_key=?
Hibernate: 
    insert 
    into
        idempotency_keys
        (created_at, response_body, response_code, status, idempotency_key) 
    values
        (?, ?, ?, ?, ?)
Hibernate: 
    select
        a1_0.id,
        a1_0.account_number,
        a1_0.balance,
        a1_0.created_at,
        a1_0.updated_at,
        a1_0.user_id,
        a1_0.version 
    from
        accounts a1_0 
    where
        a1_0.account_number=? 
        and a1_0.user_id=?
Hibernate: 
    update
        accounts 
    set
        account_number=?,
        balance=?,
        updated_at=?,
        user_id=?,
        version=? 
    where
        id=? 
        and version=?
Hibernate: 
    insert 
    into
        transactions
        (amount, created_at, description, from_account_id, idempotency_key, status, to_account_id, id) 
    values
        (?, ?, ?, ?, ?, ?, ?, default)
Hibernate: 
    select
        a1_0.id,
        a1_0.account_number,
        a1_0.balance,
        a1_0.created_at,
        a1_0.updated_at,
        a1_0.user_id,
        a1_0.version 
    from
        accounts a1_0 
    where
        a1_0.account_number=? 
        and a1_0.user_id=?
Hibernate: 
    insert 
    into
        ledger_entries
        (account_id, amount, balance_after, created_at, transaction_id, type, id) 
    values
        (?, ?, ?, ?, ?, ?, default)
Hibernate: 
    select
        a1_0.id,
        a1_0.account_number,
        a1_0.balance,
        a1_0.created_at,
        a1_0.updated_at,
        a1_0.user_id,
        a1_0.version 
    from
        accounts a1_0 
    where
        a1_0.account_number=?
Hibernate: 
    insert 
    into
        ledger_entries
        (account_id, amount, balance_after, created_at, transaction_id, type, id) 
    values
        (?, ?, ?, ?, ?, ?, default)
Hibernate: 
    select
        a1_0.id,
        a1_0.account_number,
        a1_0.balance,
        a1_0.created_at,
        a1_0.updated_at,
        a1_0.user_id,
        a1_0.version 
    from
        accounts a1_0 
    where
        a1_0.account_number=?
Hibernate: 
    insert 
    into
        transactions
        (amount, created_at, description, from_account_id, idempotency_key, status, to_account_id, id) 
    values
        (?, ?, ?, ?, ?, ?, ?, default)
Hibernate: 
    insert 
    into
        transactions
        (amount, created_at, description, from_account_id, idempotency_key, status, to_account_id, id) 
    values
        (?, ?, ?, ?, ?, ?, ?, default)
Hibernate: 
    select
        a1_0.id,
        a1_0.account_number,
        a1_0.balance,
        a1_0.created_at,
        a1_0.updated_at,
        a1_0.user_id,
        a1_0.version 
    from
        accounts a1_0 
    where
        a1_0.id=?
Hibernate: 
    insert 
    into
        ledger_entries
        (account_id, amount, balance_after, created_at, transaction_id, type, id) 
    values
        (?, ?, ?, ?, ?, ?, default)
Hibernate: 
    insert 
    into
        ledger_entries
        (account_id, amount, balance_after, created_at, transaction_id, type, id) 
    values
        (?, ?, ?, ?, ?, ?, default)
Hibernate: 
    insert 
    into
        ledger_entries
        (account_id, amount, balance_after, created_at, transaction_id, type, id) 
    values
        (?, ?, ?, ?, ?, ?, default)
Hibernate: 
    insert 
    into
        ledger_entries
        (account_id, amount, balance_after, created_at, transaction_id, type, id) 
    values
        (?, ?, ?, ?, ?, ?, default)
2026-07-14 19:53:35.476  INFO [req=, user=, ip=] [pool-2-thread-4] c.ledgerlock.service.TransactionService  : Transfer completed successfully. TX ID: 23, Key: 39f9d19e-8118-42b4-8679-230dc6a418fd, From: ********SS-A, To: ********SS-B, Amount: 5.0000
2026-07-14 19:53:35.479  INFO [req=, user=, ip=] [pool-2-thread-7] c.ledgerlock.service.TransactionService  : Transfer completed successfully. TX ID: 22, Key: a90bd24f-72bf-436f-85cf-3fc95003ac79, From: ********SS-A, To: ********SS-B, Amount: 5.0000
Hibernate: 
    update
        idempotency_keys 
    set
        response_body=?,
        response_code=?,
        status=? 
    where
        idempotency_key=?
2026-07-14 19:53:35.479  INFO [req=, user=, ip=] [ool-2-thread-11] c.ledgerlock.service.TransactionService  : Transfer completed successfully. TX ID: 21, Key: d6ef6656-b0cf-4f5c-a064-83255406cd1e, From: ********SS-A, To: ********SS-B, Amount: 5.0000
Hibernate: 
    update
        accounts 
    set
        account_number=?,
        balance=?,
        updated_at=?,
        user_id=?,
        version=? 
    where
        id=? 
        and version=?
Hibernate: 
    update
        idempotency_keys 
    set
        response_body=?,
        response_code=?,
        status=? 
    where
        idempotency_key=?
Hibernate: 
    update
        accounts 
    set
        account_number=?,
        balance=?,
        updated_at=?,
        user_id=?,
        version=? 
    where
        id=? 
        and version=?
Hibernate: 
    update
        idempotency_keys 
    set
        response_body=?,
        response_code=?,
        status=? 
    where
        idempotency_key=?
Hibernate: 
    update
        accounts 
    set
        account_number=?,
        balance=?,
        updated_at=?,
        user_id=?,
        version=? 
    where
        id=? 
        and version=?
Hibernate: 
    select
        a1_0.id,
        a1_0.account_number,
        a1_0.balance,
        a1_0.created_at,
        a1_0.updated_at,
        a1_0.user_id,
        a1_0.version 
    from
        accounts a1_0 
    where
        a1_0.id=?
Hibernate: 
    select
        ik1_0.idempotency_key,
        ik1_0.created_at,
        ik1_0.response_body,
        ik1_0.response_code,
        ik1_0.status 
    from
        idempotency_keys ik1_0 
    where
        ik1_0.idempotency_key=?
Hibernate: 
    update
        accounts 
    set
        account_number=?,
        balance=?,
        updated_at=?,
        user_id=?,
        version=? 
    where
        id=? 
        and version=?
Hibernate: 
    insert 
    into
        idempotency_keys
        (created_at, response_body, response_code, status, idempotency_key) 
    values
        (?, ?, ?, ?, ?)
Hibernate: 
    select
        a1_0.id,
        a1_0.account_number,
        a1_0.balance,
        a1_0.created_at,
        a1_0.updated_at,
        a1_0.user_id,
        a1_0.version 
    from
        accounts a1_0 
    where
        a1_0.id=?
Hibernate: 
    select
        a1_0.id,
        a1_0.account_number,
        a1_0.balance,
        a1_0.created_at,
        a1_0.updated_at,
        a1_0.user_id,
        a1_0.version 
    from
        accounts a1_0 
    where
        a1_0.account_number=? 
        and a1_0.user_id=?
Hibernate: 
    select
        a1_0.id,
        a1_0.account_number,
        a1_0.balance,
        a1_0.created_at,
        a1_0.updated_at,
        a1_0.user_id,
        a1_0.version 
    from
        accounts a1_0 
    where
        a1_0.account_number=?
Hibernate: 
    insert 
    into
        transactions
        (amount, created_at, description, from_account_id, idempotency_key, status, to_account_id, id) 
    values
        (?, ?, ?, ?, ?, ?, ?, default)
Hibernate: 
    insert 
    into
        ledger_entries
        (account_id, amount, balance_after, created_at, transaction_id, type, id) 
    values
        (?, ?, ?, ?, ?, ?, default)
Hibernate: 
    select
        ik1_0.idempotency_key,
        ik1_0.created_at,
        ik1_0.response_body,
        ik1_0.response_code,
        ik1_0.status 
    from
        idempotency_keys ik1_0 
    where
        ik1_0.idempotency_key=?
Hibernate: 
    select
        ik1_0.idempotency_key,
        ik1_0.created_at,
        ik1_0.response_body,
        ik1_0.response_code,
        ik1_0.status 
    from
        idempotency_keys ik1_0 
    where
        ik1_0.idempotency_key=?
Hibernate: 
    insert 
    into
        ledger_entries
        (account_id, amount, balance_after, created_at, transaction_id, type, id) 
    values
        (?, ?, ?, ?, ?, ?, default)
Hibernate: 
    select
        ik1_0.idempotency_key,
        ik1_0.created_at,
        ik1_0.response_body,
        ik1_0.response_code,
        ik1_0.status 
    from
        idempotency_keys ik1_0 
    where
        ik1_0.idempotency_key=?
Hibernate: 
    insert 
    into
        idempotency_keys
        (created_at, response_body, response_code, status, idempotency_key) 
    values
        (?, ?, ?, ?, ?)
2026-07-14 19:53:35.508  INFO [req=, user=, ip=] [pool-2-thread-4] c.ledgerlock.service.TransactionService  : Transfer completed successfully. TX ID: 24, Key: b060fc06-ad89-4181-bf20-d0d3cfa35221, From: ********SS-A, To: ********SS-B, Amount: 5.0000
Hibernate: 
    insert 
    into
        idempotency_keys
        (created_at, response_body, response_code, status, idempotency_key) 
    values
        (?, ?, ?, ?, ?)
Hibernate: 
    select
        ik1_0.idempotency_key,
        ik1_0.created_at,
        ik1_0.response_body,
        ik1_0.response_code,
        ik1_0.status 
    from
        idempotency_keys ik1_0 
    where
        ik1_0.idempotency_key=?
Hibernate: 
    select
        ik1_0.idempotency_key,
        ik1_0.created_at,
        ik1_0.response_body,
        ik1_0.response_code,
        ik1_0.status 
    from
        idempotency_keys ik1_0 
    where
        ik1_0.idempotency_key=?
Hibernate: 
    insert 
    into
        idempotency_keys
        (created_at, response_body, response_code, status, idempotency_key) 
    values
        (?, ?, ?, ?, ?)
Hibernate: 
    update
        idempotency_keys 
    set
        response_body=?,
        response_code=?,
        status=? 
    where
        idempotency_key=?
Hibernate: 
    select
        ik1_0.idempotency_key,
        ik1_0.created_at,
        ik1_0.response_body,
        ik1_0.response_code,
        ik1_0.status 
    from
        idempotency_keys ik1_0 
    where
        ik1_0.idempotency_key=?
Hibernate: 
    select
        ik1_0.idempotency_key,
        ik1_0.created_at,
        ik1_0.response_body,
        ik1_0.response_code,
        ik1_0.status 
    from
        idempotency_keys ik1_0 
    where
        ik1_0.idempotency_key=?
Hibernate: 
    select
        ik1_0.idempotency_key,
        ik1_0.created_at,
        ik1_0.response_body,
        ik1_0.response_code,
        ik1_0.status 
    from
        idempotency_keys ik1_0 
    where
        ik1_0.idempotency_key=?
Hibernate: 
    insert 
    into
        idempotency_keys
        (created_at, response_body, response_code, status, idempotency_key) 
    values
        (?, ?, ?, ?, ?)
Hibernate: 
    insert 
    into
        idempotency_keys
        (created_at, response_body, response_code, status, idempotency_key) 
    values
        (?, ?, ?, ?, ?)
Hibernate: 
    insert 
    into
        idempotency_keys
        (created_at, response_body, response_code, status, idempotency_key) 
    values
        (?, ?, ?, ?, ?)
Hibernate: 
    insert 
    into
        idempotency_keys
        (created_at, response_body, response_code, status, idempotency_key) 
    values
        (?, ?, ?, ?, ?)
Hibernate: 
    update
        accounts 
    set
        account_number=?,
        balance=?,
        updated_at=?,
        user_id=?,
        version=? 
    where
        id=? 
        and version=?
Hibernate: 
    select
        a1_0.id,
        a1_0.account_number,
        a1_0.balance,
        a1_0.created_at,
        a1_0.updated_at,
        a1_0.user_id,
        a1_0.version 
    from
        accounts a1_0 
    where
        a1_0.account_number=? 
        and a1_0.user_id=?
Hibernate: 
    update
        accounts 
    set
        account_number=?,
        balance=?,
        updated_at=?,
        user_id=?,
        version=? 
    where
        id=? 
        and version=?
Hibernate: 
    insert 
    into
        idempotency_keys
        (created_at, response_body, response_code, status, idempotency_key) 
    values
        (?, ?, ?, ?, ?)
Hibernate: 
    select
        a1_0.id,
        a1_0.account_number,
        a1_0.balance,
        a1_0.created_at,
        a1_0.updated_at,
        a1_0.user_id,
        a1_0.version 
    from
        accounts a1_0 
    where
        a1_0.account_number=? 
        and a1_0.user_id=?
Hibernate: 
    select
        a1_0.id,
        a1_0.account_number,
        a1_0.balance,
        a1_0.created_at,
        a1_0.updated_at,
        a1_0.user_id,
        a1_0.version 
    from
        accounts a1_0 
    where
        a1_0.account_number=? 
        and a1_0.user_id=?
Hibernate: 
    select
        a1_0.id,
        a1_0.account_number,
        a1_0.balance,
        a1_0.created_at,
        a1_0.updated_at,
        a1_0.user_id,
        a1_0.version 
    from
        accounts a1_0 
    where
        a1_0.account_number=? 
        and a1_0.user_id=?
Hibernate: 
    select
        a1_0.id,
        a1_0.account_number,
        a1_0.balance,
        a1_0.created_at,
        a1_0.updated_at,
        a1_0.user_id,
        a1_0.version 
    from
        accounts a1_0 
    where
        a1_0.account_number=? 
        and a1_0.user_id=?
Hibernate: 
    select
        a1_0.id,
        a1_0.account_number,
        a1_0.balance,
        a1_0.created_at,
        a1_0.updated_at,
        a1_0.user_id,
        a1_0.version 
    from
        accounts a1_0 
    where
        a1_0.account_number=?
Hibernate: 
    select
        a1_0.id,
        a1_0.account_number,
        a1_0.balance,
        a1_0.created_at,
        a1_0.updated_at,
        a1_0.user_id,
        a1_0.version 
    from
        accounts a1_0 
    where
        a1_0.account_number=?
Hibernate: 
    select
        ik1_0.idempotency_key,
        ik1_0.created_at,
        ik1_0.response_body,
        ik1_0.response_code,
        ik1_0.status 
    from
        idempotency_keys ik1_0 
    where
        ik1_0.idempotency_key=?
Hibernate: 
    select
        ik1_0.idempotency_key,
        ik1_0.created_at,
        ik1_0.response_body,
        ik1_0.response_code,
        ik1_0.status 
    from
        idempotency_keys ik1_0 
    where
        ik1_0.idempotency_key=?
Hibernate: 
    select
        a1_0.id,
        a1_0.account_number,
        a1_0.balance,
        a1_0.created_at,
        a1_0.updated_at,
        a1_0.user_id,
        a1_0.version 
    from
        accounts a1_0 
    where
        a1_0.account_number=?
Hibernate: 
    select
        a1_0.id,
        a1_0.account_number,
        a1_0.balance,
        a1_0.created_at,
        a1_0.updated_at,
        a1_0.user_id,
        a1_0.version 
    from
        accounts a1_0 
    where
        a1_0.account_number=?
Hibernate: 
    insert 
    into
        idempotency_keys
        (created_at, response_body, response_code, status, idempotency_key) 
    values
        (?, ?, ?, ?, ?)
Hibernate: 
    select
        a1_0.id,
        a1_0.account_number,
        a1_0.balance,
        a1_0.created_at,
        a1_0.updated_at,
        a1_0.user_id,
        a1_0.version 
    from
        accounts a1_0 
    where
        a1_0.account_number=? 
        and a1_0.user_id=?
Hibernate: 
    insert 
    into
        transactions
        (amount, created_at, description, from_account_id, idempotency_key, status, to_account_id, id) 
    values
        (?, ?, ?, ?, ?, ?, ?, default)
Hibernate: 
    insert 
    into
        transactions
        (amount, created_at, description, from_account_id, idempotency_key, status, to_account_id, id) 
    values
        (?, ?, ?, ?, ?, ?, ?, default)
Hibernate: 
    insert 
    into
        transactions
        (amount, created_at, description, from_account_id, idempotency_key, status, to_account_id, id) 
    values
        (?, ?, ?, ?, ?, ?, ?, default)
Hibernate: 
    select
        a1_0.id,
        a1_0.account_number,
        a1_0.balance,
        a1_0.created_at,
        a1_0.updated_at,
        a1_0.user_id,
        a1_0.version 
    from
        accounts a1_0 
    where
        a1_0.account_number=? 
        and a1_0.user_id=?
Hibernate: 
    insert 
    into
        transactions
        (amount, created_at, description, from_account_id, idempotency_key, status, to_account_id, id) 
    values
        (?, ?, ?, ?, ?, ?, ?, default)
Hibernate: 
    insert 
    into
        ledger_entries
        (account_id, amount, balance_after, created_at, transaction_id, type, id) 
    values
        (?, ?, ?, ?, ?, ?, default)
Hibernate: 
    insert 
    into
        ledger_entries
        (account_id, amount, balance_after, created_at, transaction_id, type, id) 
    values
        (?, ?, ?, ?, ?, ?, default)
Hibernate: 
    insert 
    into
        ledger_entries
        (account_id, amount, balance_after, created_at, transaction_id, type, id) 
    values
        (?, ?, ?, ?, ?, ?, default)
Hibernate: 
    select
        a1_0.id,
        a1_0.account_number,
        a1_0.balance,
        a1_0.created_at,
        a1_0.updated_at,
        a1_0.user_id,
        a1_0.version 
    from
        accounts a1_0 
    where
        a1_0.account_number=?
Hibernate: 
    insert 
    into
        ledger_entries
        (account_id, amount, balance_after, created_at, transaction_id, type, id) 
    values
        (?, ?, ?, ?, ?, ?, default)
Hibernate: 
    insert 
    into
        ledger_entries
        (account_id, amount, balance_after, created_at, transaction_id, type, id) 
    values
        (?, ?, ?, ?, ?, ?, default)
Hibernate: 
    insert 
    into
        ledger_entries
        (account_id, amount, balance_after, created_at, transaction_id, type, id) 
    values
        (?, ?, ?, ?, ?, ?, default)
Hibernate: 
    insert 
    into
        ledger_entries
        (account_id, amount, balance_after, created_at, transaction_id, type, id) 
    values
        (?, ?, ?, ?, ?, ?, default)
Hibernate: 
    insert 
    into
        ledger_entries
        (account_id, amount, balance_after, created_at, transaction_id, type, id) 
    values
        (?, ?, ?, ?, ?, ?, default)
Hibernate: 
    insert 
    into
        transactions
        (amount, created_at, description, from_account_id, idempotency_key, status, to_account_id, id) 
    values
        (?, ?, ?, ?, ?, ?, ?, default)
Hibernate: 
    select
        a1_0.id,
        a1_0.account_number,
        a1_0.balance,
        a1_0.created_at,
        a1_0.updated_at,
        a1_0.user_id,
        a1_0.version 
    from
        accounts a1_0 
    where
        a1_0.account_number=? 
        and a1_0.user_id=?
2026-07-14 19:53:35.550  INFO [req=, user=, ip=] [ool-2-thread-16] c.ledgerlock.service.TransactionService  : Transfer completed successfully. TX ID: 27, Key: 4057ec3b-305e-472d-b272-47aebb2b8b9f, From: ********SS-A, To: ********SS-B, Amount: 5.0000
Hibernate: 
    select
        a1_0.id,
        a1_0.account_number,
        a1_0.balance,
        a1_0.created_at,
        a1_0.updated_at,
        a1_0.user_id,
        a1_0.version 
    from
        accounts a1_0 
    where
        a1_0.account_number=?
2026-07-14 19:53:35.552  INFO [req=, user=, ip=] [ool-2-thread-18] c.ledgerlock.service.TransactionService  : Transfer completed successfully. TX ID: 28, Key: 2916501e-d016-4125-8ba1-2534f9c7fc75, From: ********SS-A, To: ********SS-B, Amount: 5.0000
Hibernate: 
    update
        idempotency_keys 
    set
        response_body=?,
        response_code=?,
        status=? 
    where
        idempotency_key=?
Hibernate: 
    insert 
    into
        ledger_entries
        (account_id, amount, balance_after, created_at, transaction_id, type, id) 
    values
        (?, ?, ?, ?, ?, ?, default)
Hibernate: 
    select
        a1_0.id,
        a1_0.account_number,
        a1_0.balance,
        a1_0.created_at,
        a1_0.updated_at,
        a1_0.user_id,
        a1_0.version 
    from
        accounts a1_0 
    where
        a1_0.account_number=?
2026-07-14 19:53:35.550  INFO [req=, user=, ip=] [ool-2-thread-15] c.ledgerlock.service.TransactionService  : Transfer completed successfully. TX ID: 25, Key: cac668a8-94cc-46c4-a937-9a9784aa1269, From: ********SS-A, To: ********SS-B, Amount: 5.0000
Hibernate: 
    insert 
    into
        transactions
        (amount, created_at, description, from_account_id, idempotency_key, status, to_account_id, id) 
    values
        (?, ?, ?, ?, ?, ?, ?, default)
Hibernate: 
    update
        idempotency_keys 
    set
        response_body=?,
        response_code=?,
        status=? 
    where
        idempotency_key=?
Hibernate: 
    update
        accounts 
    set
        account_number=?,
        balance=?,
        updated_at=?,
        user_id=?,
        version=? 
    where
        id=? 
        and version=?
Hibernate: 
    update
        idempotency_keys 
    set
        response_body=?,
        response_code=?,
        status=? 
    where
        idempotency_key=?
2026-07-14 19:53:35.550  INFO [req=, user=, ip=] [pool-2-thread-5] c.ledgerlock.service.TransactionService  : Transfer completed successfully. TX ID: 26, Key: 00998e79-d3f2-4e15-acd7-0e6f5826e5f2, From: ********SS-A, To: ********SS-B, Amount: 5.0000
Hibernate: 
    insert 
    into
        ledger_entries
        (account_id, amount, balance_after, created_at, transaction_id, type, id) 
    values
        (?, ?, ?, ?, ?, ?, default)
Hibernate: 
    update
        accounts 
    set
        account_number=?,
        balance=?,
        updated_at=?,
        user_id=?,
        version=? 
    where
        id=? 
        and version=?
Hibernate: 
    insert 
    into
        ledger_entries
        (account_id, amount, balance_after, created_at, transaction_id, type, id) 
    values
        (?, ?, ?, ?, ?, ?, default)
Hibernate: 
    insert 
    into
        transactions
        (amount, created_at, description, from_account_id, idempotency_key, status, to_account_id, id) 
    values
        (?, ?, ?, ?, ?, ?, ?, default)
Hibernate: 
    update
        idempotency_keys 
    set
        response_body=?,
        response_code=?,
        status=? 
    where
        idempotency_key=?
Hibernate: 
    insert 
    into
        ledger_entries
        (account_id, amount, balance_after, created_at, transaction_id, type, id) 
    values
        (?, ?, ?, ?, ?, ?, default)
Hibernate: 
    update
        accounts 
    set
        account_number=?,
        balance=?,
        updated_at=?,
        user_id=?,
        version=? 
    where
        id=? 
        and version=?
2026-07-14 19:53:35.557  INFO [req=, user=, ip=] [ool-2-thread-17] c.ledgerlock.service.TransactionService  : Transfer completed successfully. TX ID: 29, Key: 85e69ad0-8b68-4683-8f20-aed2457fea95, From: ********SS-A, To: ********SS-B, Amount: 5.0000
Hibernate: 
    insert 
    into
        ledger_entries
        (account_id, amount, balance_after, created_at, transaction_id, type, id) 
    values
        (?, ?, ?, ?, ?, ?, default)
Hibernate: 
    update
        accounts 
    set
        account_number=?,
        balance=?,
        updated_at=?,
        user_id=?,
        version=? 
    where
        id=? 
        and version=?
Hibernate: 
    update
        idempotency_keys 
    set
        response_body=?,
        response_code=?,
        status=? 
    where
        idempotency_key=?
2026-07-14 19:53:35.559  INFO [req=, user=, ip=] [pool-2-thread-3] c.ledgerlock.service.TransactionService  : Transfer completed successfully. TX ID: 30, Key: 588d10dd-1299-4941-b7b8-e98104a50ed6, From: ********SS-A, To: ********SS-B, Amount: 5.0000
Hibernate: 
    insert 
    into
        ledger_entries
        (account_id, amount, balance_after, created_at, transaction_id, type, id) 
    values
        (?, ?, ?, ?, ?, ?, default)
Hibernate: 
    select
        a1_0.id,
        a1_0.account_number,
        a1_0.balance,
        a1_0.created_at,
        a1_0.updated_at,
        a1_0.user_id,
        a1_0.version 
    from
        accounts a1_0 
    where
        a1_0.id=?
Hibernate: 
    select
        a1_0.id,
        a1_0.account_number,
        a1_0.balance,
        a1_0.created_at,
        a1_0.updated_at,
        a1_0.user_id,
        a1_0.version 
    from
        accounts a1_0 
    where
        a1_0.account_number=?
Hibernate: 
    update
        accounts 
    set
        account_number=?,
        balance=?,
        updated_at=?,
        user_id=?,
        version=? 
    where
        id=? 
        and version=?
Hibernate: 
    insert 
    into
        idempotency_keys
        (created_at, response_body, response_code, status, idempotency_key) 
    values
        (?, ?, ?, ?, ?)
Hibernate: 
    select
        a1_0.id,
        a1_0.account_number,
        a1_0.balance,
        a1_0.created_at,
        a1_0.updated_at,
        a1_0.user_id,
        a1_0.version 
    from
        accounts a1_0 
    where
        a1_0.id=?
Hibernate: 
    update
        idempotency_keys 
    set
        response_body=?,
        response_code=?,
        status=? 
    where
        idempotency_key=?
2026-07-14 19:53:35.565  INFO [req=, user=, ip=] [pool-2-thread-1] c.ledgerlock.service.TransactionService  : Transfer completed successfully. TX ID: 31, Key: 547461d6-36fe-4287-99a2-fc8632705849, From: ********SS-A, To: ********SS-B, Amount: 5.0000
Hibernate: 
    insert 
    into
        transactions
        (amount, created_at, description, from_account_id, idempotency_key, status, to_account_id, id) 
    values
        (?, ?, ?, ?, ?, ?, ?, default)
Hibernate: 
    select
        a1_0.id,
        a1_0.account_number,
        a1_0.balance,
        a1_0.created_at,
        a1_0.updated_at,
        a1_0.user_id,
        a1_0.version 
    from
        accounts a1_0 
    where
        a1_0.account_number=? 
        and a1_0.user_id=?
Hibernate: 
    update
        idempotency_keys 
    set
        response_body=?,
        response_code=?,
        status=? 
    where
        idempotency_key=?
Hibernate: 
    select
        ik1_0.idempotency_key,
        ik1_0.created_at,
        ik1_0.response_body,
        ik1_0.response_code,
        ik1_0.status 
    from
        idempotency_keys ik1_0 
    where
        ik1_0.idempotency_key=?
Hibernate: 
    update
        accounts 
    set
        account_number=?,
        balance=?,
        updated_at=?,
        user_id=?,
        version=? 
    where
        id=? 
        and version=?
Hibernate: 
    insert 
    into
        ledger_entries
        (account_id, amount, balance_after, created_at, transaction_id, type, id) 
    values
        (?, ?, ?, ?, ?, ?, default)
Hibernate: 
    select
        ik1_0.idempotency_key,
        ik1_0.created_at,
        ik1_0.response_body,
        ik1_0.response_code,
        ik1_0.status 
    from
        idempotency_keys ik1_0 
    where
        ik1_0.idempotency_key=?
Hibernate: 
    insert 
    into
        idempotency_keys
        (created_at, response_body, response_code, status, idempotency_key) 
    values
        (?, ?, ?, ?, ?)
Hibernate: 
    update
        accounts 
    set
        account_number=?,
        balance=?,
        updated_at=?,
        user_id=?,
        version=? 
    where
        id=? 
        and version=?
Hibernate: 
    select
        a1_0.id,
        a1_0.account_number,
        a1_0.balance,
        a1_0.created_at,
        a1_0.updated_at,
        a1_0.user_id,
        a1_0.version 
    from
        accounts a1_0 
    where
        a1_0.id=?
Hibernate: 
    select
        a1_0.id,
        a1_0.account_number,
        a1_0.balance,
        a1_0.created_at,
        a1_0.updated_at,
        a1_0.user_id,
        a1_0.version 
    from
        accounts a1_0 
    where
        a1_0.id=?
Hibernate: 
    update
        accounts 
    set
        account_number=?,
        balance=?,
        updated_at=?,
        user_id=?,
        version=? 
    where
        id=? 
        and version=?
Hibernate: 
    select
        ik1_0.idempotency_key,
        ik1_0.created_at,
        ik1_0.response_body,
        ik1_0.response_code,
        ik1_0.status 
    from
        idempotency_keys ik1_0 
    where
        ik1_0.idempotency_key=?
Hibernate: 
    insert 
    into
        ledger_entries
        (account_id, amount, balance_after, created_at, transaction_id, type, id) 
    values
        (?, ?, ?, ?, ?, ?, default)
Hibernate: 
    select
        a1_0.id,
        a1_0.account_number,
        a1_0.balance,
        a1_0.created_at,
        a1_0.updated_at,
        a1_0.user_id,
        a1_0.version 
    from
        accounts a1_0 
    where
        a1_0.account_number=? 
        and a1_0.user_id=?
Hibernate: 
[...]
        balance=?,
        updated_at=?,
        user_id=?,
        version=? 
    where
        id=? 
        and version=?
Hibernate: 
    update
        accounts 
    set
        account_number=?,
        balance=?,
        updated_at=?,
        user_id=?,
        version=? 
    where
        id=? 
        and version=?
Hibernate: 
    update
        idempotency_keys 
    set
        response_body=?,
        response_code=?,
        status=? 
    where
        idempotency_key=?
Hibernate: 
    insert 
    into
        transactions
        (amount, created_at, description, from_account_id, idempotency_key, status, to_account_id, id) 
    values
        (?, ?, ?, ?, ?, ?, ?, default)
Hibernate: 
    insert 
    into
        ledger_entries
        (account_id, amount, balance_after, created_at, transaction_id, type, id) 
    values
        (?, ?, ?, ?, ?, ?, default)
Hibernate: 
    select
        a1_0.id,
        a1_0.account_number,
        a1_0.balance,
        a1_0.created_at,
        a1_0.updated_at,
        a1_0.user_id,
        a1_0.version 
    from
        accounts a1_0 
    where
        a1_0.id=?
Hibernate: 
    update
        accounts 
    set
        account_number=?,
        balance=?,
        updated_at=?,
        user_id=?,
        version=? 
    where
        id=? 
        and version=?
Hibernate: 
    select
        a1_0.id,
        a1_0.account_number,
        a1_0.balance,
        a1_0.created_at,
        a1_0.updated_at,
        a1_0.user_id,
        a1_0.version 
    from
        accounts a1_0 
    where
        a1_0.id=?
Hibernate: 
    insert 
    into
        ledger_entries
        (account_id, amount, balance_after, created_at, transaction_id, type, id) 
    values
        (?, ?, ?, ?, ?, ?, default)
Hibernate: 
    select
        a1_0.id,
        a1_0.account_number,
        a1_0.balance,
        a1_0.created_at,
        a1_0.updated_at,
        a1_0.user_id,
        a1_0.version 
    from
        accounts a1_0 
    where
        a1_0.id=?
2026-07-14 19:53:36.989  INFO [req=, user=, ip=] [ool-4-thread-10] c.ledgerlock.service.TransactionService  : Transfer completed successfully. TX ID: 130, Key: 33564437-3992-483d-8a22-abae63bf67d4, From: ********SS-A, To: ********SS-B, Amount: 2.0000
Hibernate: 
    update
        idempotency_keys 
    set
        response_body=?,
        response_code=?,
        status=? 
    where
        idempotency_key=?
Hibernate: 
    update
        accounts 
    set
        account_number=?,
        balance=?,
        updated_at=?,
        user_id=?,
        version=? 
    where
        id=? 
        and version=?
Hibernate: 
    update
        accounts 
    set
        account_number=?,
        balance=?,
        updated_at=?,
        user_id=?,
        version=? 
    where
        id=? 
        and version=?
Hibernate: 
    select
        ik1_0.idempotency_key,
        ik1_0.created_at,
        ik1_0.response_body,
        ik1_0.response_code,
        ik1_0.status 
    from
        idempotency_keys ik1_0 
    where
        ik1_0.idempotency_key=?
Hibernate: 
    insert 
    into
        idempotency_keys
        (created_at, response_body, response_code, status, idempotency_key) 
    values
        (?, ?, ?, ?, ?)
Hibernate: 
    select
        a1_0.id,
        a1_0.account_number,
        a1_0.balance,
        a1_0.created_at,
        a1_0.updated_at,
        a1_0.user_id,
        a1_0.version 
    from
        accounts a1_0 
    where
        a1_0.account_number=? 
        and a1_0.user_id=?
Hibernate: 
    select
        a1_0.id,
        a1_0.account_number,
        a1_0.balance,
        a1_0.created_at,
        a1_0.updated_at,
        a1_0.user_id,
        a1_0.version 
    from
        accounts a1_0 
    where
        a1_0.account_number=?
Hibernate: 
    insert 
    into
        transactions
        (amount, created_at, description, from_account_id, idempotency_key, status, to_account_id, id) 
    values
        (?, ?, ?, ?, ?, ?, ?, default)
Hibernate: 
    insert 
    into
        ledger_entries
        (account_id, amount, balance_after, created_at, transaction_id, type, id) 
    values
        (?, ?, ?, ?, ?, ?, default)
Hibernate: 
    insert 
    into
        ledger_entries
        (account_id, amount, balance_after, created_at, transaction_id, type, id) 
    values
        (?, ?, ?, ?, ?, ?, default)
2026-07-14 19:53:37.012  INFO [req=, user=, ip=] [ool-4-thread-10] c.ledgerlock.service.TransactionService  : Transfer completed successfully. TX ID: 131, Key: 1ef026e4-8a0c-4f00-9f21-cc6947a8d13e, From: ********SS-A, To: ********SS-B, Amount: 2.0000
Hibernate: 
    update
        idempotency_keys 
    set
        response_body=?,
        response_code=?,
        status=? 
    where
        idempotency_key=?
Hibernate: 
    update
        accounts 
    set
        account_number=?,
        balance=?,
        updated_at=?,
        user_id=?,
        version=? 
    where
        id=? 
        and version=?
Hibernate: 
    update
        accounts 
    set
        account_number=?,
        balance=?,
        updated_at=?,
        user_id=?,
        version=? 
    where
        id=? 
        and version=?
Hibernate: 
    select
        ik1_0.idempotency_key,
        ik1_0.created_at,
        ik1_0.response_body,
        ik1_0.response_code,
        ik1_0.status 
    from
        idempotency_keys ik1_0 
    where
        ik1_0.idempotency_key=?
Hibernate: 
    insert 
    into
        idempotency_keys
        (created_at, response_body, response_code, status, idempotency_key) 
    values
        (?, ?, ?, ?, ?)
Hibernate: 
    select
        a1_0.id,
        a1_0.account_number,
        a1_0.balance,
        a1_0.created_at,
        a1_0.updated_at,
        a1_0.user_id,
        a1_0.version 
    from
        accounts a1_0 
    where
        a1_0.account_number=? 
        and a1_0.user_id=?
Hibernate: 
    select
        a1_0.id,
        a1_0.account_number,
        a1_0.balance,
        a1_0.created_at,
        a1_0.updated_at,
        a1_0.user_id,
        a1_0.version 
    from
        accounts a1_0 
    where
        a1_0.account_number=?
Hibernate: 
    insert 
    into
        transactions
        (amount, created_at, description, from_account_id, idempotency_key, status, to_account_id, id) 
    values
        (?, ?, ?, ?, ?, ?, ?, default)
Hibernate: 
    insert 
    into
        ledger_entries
        (account_id, amount, balance_after, created_at, transaction_id, type, id) 
    values
        (?, ?, ?, ?, ?, ?, default)
Hibernate: 
    insert 
    into
        ledger_entries
        (account_id, amount, balance_after, created_at, transaction_id, type, id) 
    values
        (?, ?, ?, ?, ?, ?, default)
2026-07-14 19:53:37.042  INFO [req=, user=, ip=] [ool-4-thread-10] c.ledgerlock.service.TransactionService  : Transfer completed successfully. TX ID: 132, Key: 7408c6ad-7234-4196-99a5-13dfc0d4d4d7, From: ********SS-A, To: ********SS-B, Amount: 2.0000
Hibernate: 
    update
        idempotency_keys 
    set
        response_body=?,
        response_code=?,
        status=? 
    where
        idempotency_key=?
Hibernate: 
    update
        accounts 
    set
        account_number=?,
        balance=?,
        updated_at=?,
        user_id=?,
        version=? 
    where
        id=? 
        and version=?
Hibernate: 
    update
        accounts 
    set
        account_number=?,
        balance=?,
        updated_at=?,
        user_id=?,
        version=? 
    where
        id=? 
        and version=?
Hibernate: 
    select
        ik1_0.idempotency_key,
        ik1_0.created_at,
        ik1_0.response_body,
        ik1_0.response_code,
        ik1_0.status 
    from
        idempotency_keys ik1_0 
    where
        ik1_0.idempotency_key=?
Hibernate: 
    insert 
    into
        idempotency_keys
        (created_at, response_body, response_code, status, idempotency_key) 
    values
        (?, ?, ?, ?, ?)
Hibernate: 
    select
        a1_0.id,
        a1_0.account_number,
        a1_0.balance,
        a1_0.created_at,
        a1_0.updated_at,
        a1_0.user_id,
        a1_0.version 
    from
        accounts a1_0 
    where
        a1_0.account_number=? 
        and a1_0.user_id=?
Hibernate: 
    select
        a1_0.id,
        a1_0.account_number,
        a1_0.balance,
        a1_0.created_at,
        a1_0.updated_at,
        a1_0.user_id,
        a1_0.version 
    from
        accounts a1_0 
    where
        a1_0.account_number=?
Hibernate: 
    insert 
    into
        transactions
        (amount, created_at, description, from_account_id, idempotency_key, status, to_account_id, id) 
    values
        (?, ?, ?, ?, ?, ?, ?, default)
Hibernate: 
    insert 
    into
        ledger_entries
        (account_id, amount, balance_after, created_at, transaction_id, type, id) 
    values
        (?, ?, ?, ?, ?, ?, default)
Hibernate: 
    insert 
    into
        ledger_entries
        (account_id, amount, balance_after, created_at, transaction_id, type, id) 
    values
        (?, ?, ?, ?, ?, ?, default)
2026-07-14 19:53:37.067  INFO [req=, user=, ip=] [ool-4-thread-10] c.ledgerlock.service.TransactionService  : Transfer completed successfully. TX ID: 133, Key: 7af6f4a8-345d-4dc8-a1ed-6e991c7a7120, From: ********SS-A, To: ********SS-B, Amount: 2.0000
Hibernate: 
    update
        idempotency_keys 
    set
        response_body=?,
        response_code=?,
        status=? 
    where
        idempotency_key=?
Hibernate: 
    update
        accounts 
    set
        account_number=?,
        balance=?,
        updated_at=?,
        user_id=?,
        version=? 
    where
        id=? 
        and version=?
Hibernate: 
    update
        accounts 
    set
        account_number=?,
        balance=?,
        updated_at=?,
        user_id=?,
        version=? 
    where
        id=? 
        and version=?
Hibernate: 
    select
        ik1_0.idempotency_key,
        ik1_0.created_at,
        ik1_0.response_body,
        ik1_0.response_code,
        ik1_0.status 
    from
        idempotency_keys ik1_0 
    where
        ik1_0.idempotency_key=?
Hibernate: 
    select
        ik1_0.idempotency_key,
        ik1_0.created_at,
        ik1_0.response_body,
        ik1_0.response_code,
        ik1_0.status 
    from
        idempotency_keys ik1_0 
    where
        ik1_0.idempotency_key=?
Hibernate: 
    select
        ik1_0.idempotency_key,
        ik1_0.created_at,
        ik1_0.response_body,
        ik1_0.response_code,
        ik1_0.status 
    from
        idempotency_keys ik1_0 
    where
        ik1_0.idempotency_key=?
Hibernate: 
    insert 
    into
        idempotency_keys
        (created_at, response_body, response_code, status, idempotency_key) 
    values
        (?, ?, ?, ?, ?)
Hibernate: 
    insert 
    into
        idempotency_keys
        (created_at, response_body, response_code, status, idempotency_key) 
    values
        (?, ?, ?, ?, ?)
Hibernate: 
    insert 
    into
        idempotency_keys
        (created_at, response_body, response_code, status, idempotency_key) 
    values
        (?, ?, ?, ?, ?)
Hibernate: 
    select
        ik1_0.idempotency_key,
        ik1_0.created_at,
        ik1_0.response_body,
        ik1_0.response_code,
        ik1_0.status 
    from
        idempotency_keys ik1_0 
    where
        ik1_0.idempotency_key=?
Hibernate: 
    select
        ik1_0.idempotency_key,
        ik1_0.created_at,
        ik1_0.response_body,
        ik1_0.response_code,
        ik1_0.status 
    from
        idempotency_keys ik1_0 
    where
        ik1_0.idempotency_key=?
Hibernate: 
    select
        ik1_0.idempotency_key,
        ik1_0.created_at,
        ik1_0.response_body,
        ik1_0.response_code,
        ik1_0.status 
    from
        idempotency_keys ik1_0 
    where
        ik1_0.idempotency_key=?
Hibernate: 
    insert 
    into
        idempotency_keys
        (created_at, response_body, response_code, status, idempotency_key) 
    values
        (?, ?, ?, ?, ?)
Hibernate: 
    insert 
    into
        idempotency_keys
        (created_at, response_body, response_code, status, idempotency_key) 
    values
        (?, ?, ?, ?, ?)
Hibernate: 
    select
        a1_0.id,
        a1_0.account_number,
        a1_0.balance,
        a1_0.created_at,
        a1_0.updated_at,
        a1_0.user_id,
        a1_0.version 
    from
        accounts a1_0 
    where
        a1_0.account_number=? 
        and a1_0.user_id=?
Hibernate: 
    insert 
    into
        idempotency_keys
        (created_at, response_body, response_code, status, idempotency_key) 
    values
        (?, ?, ?, ?, ?)
Hibernate: 
    select
        a1_0.id,
        a1_0.account_number,
        a1_0.balance,
        a1_0.created_at,
        a1_0.updated_at,
        a1_0.user_id,
        a1_0.version 
    from
        accounts a1_0 
    where
        a1_0.account_number=? 
        and a1_0.user_id=?
Hibernate: 
    select
        a1_0.id,
        a1_0.account_number,
        a1_0.balance,
        a1_0.created_at,
        a1_0.updated_at,
        a1_0.user_id,
        a1_0.version 
    from
        accounts a1_0 
    where
        a1_0.account_number=? 
        and a1_0.user_id=?
Hibernate: 
    select
        a1_0.id,
        a1_0.account_number,
        a1_0.balance,
        a1_0.created_at,
        a1_0.updated_at,
        a1_0.user_id,
        a1_0.version 
    from
        accounts a1_0 
    where
        a1_0.account_number=? 
        and a1_0.user_id=?
Hibernate: 
    select
        a1_0.id,
        a1_0.account_number,
        a1_0.balance,
        a1_0.created_at,
        a1_0.updated_at,
        a1_0.user_id,
        a1_0.version 
    from
        accounts a1_0 
    where
        a1_0.account_number=?
Hibernate: 
    select
        a1_0.id,
        a1_0.account_number,
        a1_0.balance,
        a1_0.created_at,
        a1_0.updated_at,
        a1_0.user_id,
        a1_0.version 
    from
        accounts a1_0 
    where
        a1_0.account_number=? 
        and a1_0.user_id=?
Hibernate: 
    select
        a1_0.id,
        a1_0.account_number,
        a1_0.balance,
        a1_0.created_at,
        a1_0.updated_at,
        a1_0.user_id,
        a1_0.version 
    from
        accounts a1_0 
    where
        a1_0.account_number=?
Hibernate: 
    select
        a1_0.id,
        a1_0.account_number,
        a1_0.balance,
        a1_0.created_at,
        a1_0.updated_at,
        a1_0.user_id,
        a1_0.version 
    from
        accounts a1_0 
    where
        a1_0.account_number=? 
        and a1_0.user_id=?
Hibernate: 
    select
        ik1_0.idempotency_key,
        ik1_0.created_at,
        ik1_0.response_body,
        ik1_0.response_code,
        ik1_0.status 
    from
        idempotency_keys ik1_0 
    where
        ik1_0.idempotency_key=?
Hibernate: 
    insert 
    into
        idempotency_keys
        (created_at, response_body, response_code, status, idempotency_key) 
    values
        (?, ?, ?, ?, ?)
Hibernate: 
    select
        a1_0.id,
        a1_0.account_number,
        a1_0.balance,
        a1_0.created_at,
        a1_0.updated_at,
        a1_0.user_id,
        a1_0.version 
    from
        accounts a1_0 
    where
        a1_0.account_number=?
Hibernate: 
    select
        a1_0.id,
        a1_0.account_number,
        a1_0.balance,
        a1_0.created_at,
        a1_0.updated_at,
        a1_0.user_id,
        a1_0.version 
    from
        accounts a1_0 
    where
        a1_0.account_number=?
Hibernate: 
    select
        a1_0.id,
        a1_0.account_number,
        a1_0.balance,
        a1_0.created_at,
        a1_0.updated_at,
        a1_0.user_id,
        a1_0.version 
    from
        accounts a1_0 
    where
        a1_0.account_number=?
Hibernate: 
    select
        a1_0.id,
        a1_0.account_number,
        a1_0.balance,
        a1_0.created_at,
        a1_0.updated_at,
        a1_0.user_id,
        a1_0.version 
    from
        accounts a1_0 
    where
        a1_0.account_number=?
Hibernate: 
    select
        ik1_0.idempotency_key,
        ik1_0.created_at,
        ik1_0.response_body,
        ik1_0.response_code,
        ik1_0.status 
    from
        idempotency_keys ik1_0 
    where
        ik1_0.idempotency_key=?
Hibernate: 
    select
        ik1_0.idempotency_key,
        ik1_0.created_at,
        ik1_0.response_body,
        ik1_0.response_code,
        ik1_0.status 
    from
        idempotency_keys ik1_0 
    where
        ik1_0.idempotency_key=?
Hibernate: 
    insert 
    into
        idempotency_keys
        (created_at, response_body, response_code, status, idempotency_key) 
    values
        (?, ?, ?, ?, ?)
Hibernate: 
    select
        ik1_0.idempotency_key,
        ik1_0.created_at,
        ik1_0.response_body,
        ik1_0.response_code,
        ik1_0.status 
    from
        idempotency_keys ik1_0 
    where
        ik1_0.idempotency_key=?
Hibernate: 
    select
        a1_0.id,
        a1_0.account_number,
        a1_0.balance,
        a1_0.created_at,
        a1_0.updated_at,
        a1_0.user_id,
        a1_0.version 
    from
        accounts a1_0 
    where
        a1_0.account_number=? 
        and a1_0.user_id=?
Hibernate: 
    insert 
    into
        idempotency_keys
        (created_at, response_body, response_code, status, idempotency_key) 
    values
        (?, ?, ?, ?, ?)
Hibernate: 
    insert 
    into
        idempotency_keys
        (created_at, response_body, response_code, status, idempotency_key) 
    values
        (?, ?, ?, ?, ?)
Hibernate: 
    select
        a1_0.id,
        a1_0.account_number,
        a1_0.balance,
        a1_0.created_at,
        a1_0.updated_at,
        a1_0.user_id,
        a1_0.version 
    from
        accounts a1_0 
    where
        a1_0.account_number=? 
        and a1_0.user_id=?
Hibernate: 
    select
        a1_0.id,
        a1_0.account_number,
        a1_0.balance,
        a1_0.created_at,
        a1_0.updated_at,
        a1_0.user_id,
        a1_0.version 
    from
        accounts a1_0 
    where
        a1_0.account_number=?
Hibernate: 
    select
        a1_0.id,
        a1_0.account_number,
        a1_0.balance,
        a1_0.created_at,
        a1_0.updated_at,
        a1_0.user_id,
        a1_0.version 
    from
        accounts a1_0 
    where
        a1_0.account_number=? 
        and a1_0.user_id=?
Hibernate: 
    select
        a1_0.id,
        a1_0.account_number,
        a1_0.balance,
        a1_0.created_at,
        a1_0.updated_at,
        a1_0.user_id,
        a1_0.version 
    from
        accounts a1_0 
    where
        a1_0.account_number=? 
        and a1_0.user_id=?
Hibernate: 
    select
        a1_0.id,
        a1_0.account_number,
        a1_0.balance,
        a1_0.created_at,
        a1_0.updated_at,
        a1_0.user_id,
        a1_0.version 
    from
        accounts a1_0 
    where
        a1_0.account_number=?
Hibernate: 
    select
        a1_0.id,
        a1_0.account_number,
        a1_0.balance,
        a1_0.created_at,
        a1_0.updated_at,
        a1_0.user_id,
        a1_0.version 
    from
        accounts a1_0 
    where
        a1_0.account_number=?
Hibernate: 
    select
        a1_0.id,
        a1_0.account_number,
        a1_0.balance,
        a1_0.created_at,
        a1_0.updated_at,
        a1_0.user_id,
        a1_0.version 
    from
        accounts a1_0 
    where
        a1_0.account_number=?
Hibernate: 
    select
        a1_0.id,
        a1_0.account_number,
        a1_0.balance,
        a1_0.created_at,
        a1_0.updated_at,
        a1_0.user_id,
        a1_0.version 
    from
        accounts a1_0 
    where
        a1_0.account_number=?
=== PART C CONCURRENCY TEST OUTPUT ===
Threads Fired: 15
Total Balance available: $10.00
Successful commits (exactly 5): 5
Insufficient Funds blocks: 10
Optimistic Lock conflicts prevented & retried: 0
Final Source Account Balance: 0.0000
======================================
]]></system-out>
  </testcase>
</testsuite>