<?xml version="1.0" encoding="UTF-8"?>
<testsuite xmlns:xsi="http://www.w3.org/2001/XMLSchema-instance" xsi:noNamespaceSchemaLocation="https://maven.apache.org/surefire/maven-surefire-plugin/xsd/surefire-test-report-3.0.xsd" version="3.0" name="com.ledgerlock.controller.ApiIntegrationTest" time="18.138" tests="1" errors="0" skipped="0" failures="0">
  <properties>
[...]
</properties>
  <testcase name="testRateLimitingEnforcement" classname="com.ledgerlock.controller.ApiIntegrationTest" time="2.101">
    <system-out><![CDATA[19:53:12.357 [main] INFO org.springframework.test.context.support.AnnotationConfigContextLoaderUtils -- Could not detect default configuration classes for test class [com.ledgerlock.controller.ApiIntegrationTest]: ApiIntegrationTest does not declare any static, non-private, non-final, nested classes annotated with @Configuration.
19:53:12.577 [main] INFO org.springframework.boot.test.context.SpringBootTestContextBootstrapper -- Found @SpringBootConfiguration com.ledgerlock.LedgerlockApplication for test class com.ledgerlock.controller.ApiIntegrationTest

  .   ____          _            __ _ _
 /\\ / ___'_ __ _ _(_)_ __  __ _ \ \ \ \
( ( )\___ | '_ | '_| | '_ \/ _` | \ \ \ \
 \\/  ___)| |_)| | | | | || (_| |  ) ) ) )
  '  |____| .__|_| |_|_| |_\__, | / / / /
 =========|_|==============|___/=/_/_/_/

 :: Spring Boot ::                (v3.3.1)

2026-07-14 19:53:13.323  INFO [req=, user=, ip=] [kground-preinit] o.h.validator.internal.util.Version      : HV000001: Hibernate Validator 8.0.1.Final
2026-07-14 19:53:13.374  INFO [req=, user=, ip=] [           main] c.l.controller.ApiIntegrationTest        : Starting ApiIntegrationTest using Java 25.0.1 with PID 19400 (started by jeyag in D:\Projects\LedgerLock)
2026-07-14 19:53:13.375  INFO [req=, user=, ip=] [           main] c.l.controller.ApiIntegrationTest        : The following 1 profile is active: "test"
2026-07-14 19:53:16.393  INFO [req=, user=, ip=] [           main] .s.d.r.c.RepositoryConfigurationDelegate : Bootstrapping Spring Data JPA repositories in DEFAULT mode.
2026-07-14 19:53:16.578  INFO [req=, user=, ip=] [           main] .s.d.r.c.RepositoryConfigurationDelegate : Finished Spring Data repository scanning in 169 ms. Found 6 JPA repository interfaces.
2026-07-14 19:53:18.208  INFO [req=, user=, ip=] [           main] o.hibernate.jpa.internal.util.LogHelper  : HHH000204: Processing PersistenceUnitInfo [name: default]
2026-07-14 19:53:18.305  INFO [req=, user=, ip=] [           main] org.hibernate.Version                    : HHH000412: Hibernate ORM core version 6.5.2.Final
2026-07-14 19:53:18.355  INFO [req=, user=, ip=] [           main] o.h.c.internal.RegionFactoryInitiator    : HHH000026: Second-level cache disabled
2026-07-14 19:53:18.903  INFO [req=, user=, ip=] [           main] o.s.o.j.p.SpringPersistenceUnitInfo      : No LoadTimeWeaver setup: ignoring JPA class transformer
2026-07-14 19:53:18.950  INFO [req=, user=, ip=] [           main] com.zaxxer.hikari.HikariDataSource       : HikariPool-1 - Starting...
2026-07-14 19:53:19.297  INFO [req=, user=, ip=] [           main] com.zaxxer.hikari.pool.HikariPool        : HikariPool-1 - Added connection conn0: url=jdbc:h2:mem:testdb user=SA
2026-07-14 19:53:19.299  INFO [req=, user=, ip=] [           main] com.zaxxer.hikari.HikariDataSource       : HikariPool-1 - Start completed.
2026-07-14 19:53:21.437  INFO [req=, user=, ip=] [           main] o.h.e.t.j.p.i.JtaPlatformInitiator       : HHH000489: No JTA platform available (set 'hibernate.transaction.jta.platform' to enable JTA platform integration)
Hibernate: 
    drop table if exists accounts cascade 
Hibernate: 
    drop table if exists idempotency_keys cascade 
Hibernate: 
    drop table if exists ledger_entries cascade 
Hibernate: 
    drop table if exists refresh_tokens cascade 
Hibernate: 
    drop table if exists transactions cascade 
Hibernate: 
    drop table if exists users cascade 
Hibernate: 
    create table accounts (
        balance numeric(20,4) not null,
        created_at timestamp(6) with time zone not null,
        id bigint generated by default as identity,
        updated_at timestamp(6) with time zone not null,
        user_id bigint not null,
        version bigint,
        account_number varchar(50) not null unique,
        primary key (id)
    )
Hibernate: 
    create table idempotency_keys (
        response_code integer,
        created_at timestamp(6) with time zone not null,
        idempotency_key varchar(100) not null,
        response_body TEXT,
        status enum ('COMPLETED','FAILED','PENDING') not null,
        primary key (idempotency_key)
    )
Hibernate: 
    create table ledger_entries (
        amount numeric(20,4) not null,
        balance_after numeric(20,4) not null,
        account_id bigint not null,
        created_at timestamp(6) with time zone not null,
        id bigint generated by default as identity,
        transaction_id bigint not null,
        type enum ('CREDIT','DEBIT') not null,
        primary key (id)
    )
Hibernate: 
    create table refresh_tokens (
        revoked boolean not null,
        created_at timestamp(6) with time zone not null,
        expiry_date timestamp(6) with time zone not null,
        id bigint generated by default as identity,
        user_id bigint not null unique,
        token_hash varchar(255) not null unique,
        primary key (id)
    )
Hibernate: 
    create table transactions (
        amount numeric(20,4) not null,
        created_at timestamp(6) with time zone not null,
        from_account_id bigint not null,
        id bigint generated by default as identity,
        to_account_id bigint not null,
        idempotency_key varchar(100) not null unique,
        description varchar(255),
        status enum ('COMPLETED','FAILED','PENDING') not null,
        primary key (id)
    )
Hibernate: 
    create table users (
        created_at timestamp(6) with time zone not null,
        id bigint generated by default as identity,
        email varchar(255) not null unique,
        hashed_password varchar(255) not null,
        primary key (id)
    )
Hibernate: 
    alter table if exists accounts 
       add constraint FKnjuop33mo69pd79ctplkck40n 
       foreign key (user_id) 
       references users
Hibernate: 
    alter table if exists ledger_entries 
       add constraint FKccr7q587j5bf49xqb0fqieefp 
       foreign key (account_id) 
       references accounts
Hibernate: 
    alter table if exists ledger_entries 
       add constraint FKgwcsld4m3g325l66qro45i14x 
       foreign key (transaction_id) 
       references transactions
Hibernate: 
    alter table if exists refresh_tokens 
       add constraint FK1lih5y2npsf8u5o3vhdb9y0os 
       foreign key (user_id) 
       references users
Hibernate: 
    alter table if exists transactions 
       add constraint FK7i7kboanveneetad7jyhbr0a7 
       foreign key (from_account_id) 
       references accounts
Hibernate: 
    alter table if exists transactions 
       add constraint FKra0an432c5wjo76mojluk0v28 
       foreign key (to_account_id) 
       references accounts
2026-07-14 19:53:21.552  INFO [req=, user=, ip=] [           main] j.LocalContainerEntityManagerFactoryBean : Initialized JPA EntityManagerFactory for persistence unit 'default'
2026-07-14 19:53:22.968  INFO [req=, user=, ip=] [           main] eAuthenticationProviderManagerConfigurer : Global AuthenticationManager configured with AuthenticationProvider bean with name authenticationProvider
2026-07-14 19:53:22.970  WARN [req=, user=, ip=] [           main] r$InitializeUserDetailsManagerConfigurer : Global AuthenticationManager configured with an AuthenticationProvider bean. UserDetailsService beans will not be used for username/password login. Consider removing the AuthenticationProvider bean. Alternatively, consider using the UserDetailsService in a manually instantiated DaoAuthenticationProvider.
2026-07-14 19:53:23.656  WARN [req=, user=, ip=] [           main] JpaBaseConfiguration$JpaWebConfiguration : spring.jpa.open-in-view is enabled by default. Therefore, database queries may be performed during view rendering. Explicitly configure spring.jpa.open-in-view to disable this warning
2026-07-14 19:53:24.172  INFO [req=, user=, ip=] [           main] o.s.b.a.w.s.WelcomePageHandlerMapping    : Adding welcome page: class path resource [static/index.html]
2026-07-14 19:53:25.585  INFO [req=, user=, ip=] [           main] o.s.b.a.e.web.EndpointLinksResolver      : Exposing 1 endpoint beneath base path '/actuator'
2026-07-14 19:53:27.753  INFO [req=, user=, ip=] [           main] o.s.b.t.m.w.SpringBootMockServletContext : Initializing Spring TestDispatcherServlet ''
2026-07-14 19:53:27.754  INFO [req=, user=, ip=] [           main] o.s.t.web.servlet.TestDispatcherServlet  : Initializing Servlet ''
2026-07-14 19:53:27.756  INFO [req=, user=, ip=] [           main] o.s.t.web.servlet.TestDispatcherServlet  : Completed initialization in 2 ms
2026-07-14 19:53:27.926  INFO [req=, user=, ip=] [           main] c.l.controller.ApiIntegrationTest        : Started ApiIntegrationTest in 15.166 seconds (process running for 16.728)
Hibernate: 
    select
        u1_0.id,
        u1_0.created_at,
        u1_0.email,
        u1_0.hashed_password 
    from
        users u1_0
Hibernate: 
    insert 
    into
        users
        (created_at, email, hashed_password, id) 
    values
        (?, ?, ?, default)
Hibernate: 
    select
        u1_0.id,
        u1_0.created_at,
        u1_0.email,
        u1_0.hashed_password 
    from
        users u1_0 
    where
        u1_0.email=?
Hibernate: 
    select
        a1_0.id,
        a1_0.account_number,
        a1_0.balance,
        a1_0.created_at,
        a1_0.updated_at,
        a1_0.user_id,
        a1_0.version 
    from
        accounts a1_0 
    where
        a1_0.user_id=?
Hibernate: 
    select
        u1_0.id,
        u1_0.created_at,
        u1_0.email,
        u1_0.hashed_password 
    from
        users u1_0 
    where
        u1_0.email=?
Hibernate: 
    select
        a1_0.id,
        a1_0.account_number,
        a1_0.balance,
        a1_0.created_at,
        a1_0.updated_at,
        a1_0.user_id,
        a1_0.version 
    from
        accounts a1_0 
    where
        a1_0.user_id=?
Hibernate: 
    select
        u1_0.id,
        u1_0.created_at,
        u1_0.email,
        u1_0.hashed_password 
    from
        users u1_0 
    where
        u1_0.email=?
Hibernate: 
    select
        a1_0.id,
        a1_0.account_number,
        a1_0.balance,
        a1_0.created_at,
        a1_0.updated_at,
        a1_0.user_id,
        a1_0.version 
    from
        accounts a1_0 
    where
        a1_0.user_id=?
Hibernate: 
    select
        u1_0.id,
        u1_0.created_at,
        u1_0.email,
        u1_0.hashed_password 
    from
        users u1_0 
    where
        u1_0.email=?
Hibernate: 
    select
        a1_0.id,
        a1_0.account_number,
        a1_0.balance,
        a1_0.created_at,
        a1_0.updated_at,
        a1_0.user_id,
        a1_0.version 
    from
        accounts a1_0 
    where
        a1_0.user_id=?
Hibernate: 
    select
        u1_0.id,
        u1_0.created_at,
        u1_0.email,
        u1_0.hashed_password 
    from
        users u1_0 
    where
        u1_0.email=?
Hibernate: 
    select
        a1_0.id,
        a1_0.account_number,
        a1_0.balance,
        a1_0.created_at,
        a1_0.updated_at,
        a1_0.user_id,
        a1_0.version 
    from
        accounts a1_0 
    where
        a1_0.user_id=?
Hibernate: 
    select
        u1_0.id,
        u1_0.created_at,
        u1_0.email,
        u1_0.hashed_password 
    from
        users u1_0 
    where
        u1_0.email=?
Hibernate: 
    select
        a1_0.id,
        a1_0.account_number,
        a1_0.balance,
        a1_0.created_at,
        a1_0.updated_at,
        a1_0.user_id,
        a1_0.version 
    from
        accounts a1_0 
    where
        a1_0.user_id=?
Hibernate: 
    select
        u1_0.id,
        u1_0.created_at,
        u1_0.email,
        u1_0.hashed_password 
    from
        users u1_0 
    where
        u1_0.email=?
Hibernate: 
    select
        a1_0.id,
        a1_0.account_number,
        a1_0.balance,
        a1_0.created_at,
        a1_0.updated_at,
        a1_0.user_id,
        a1_0.version 
    from
        accounts a1_0 
    where
        a1_0.user_id=?
Hibernate: 
    select
        u1_0.id,
        u1_0.created_at,
        u1_0.email,
        u1_0.hashed_password 
    from
        users u1_0 
    where
        u1_0.email=?
Hibernate: 
    select
        a1_0.id,
        a1_0.account_number,
        a1_0.balance,
        a1_0.created_at,
        a1_0.updated_at,
        a1_0.user_id,
        a1_0.version 
    from
        accounts a1_0 
    where
        a1_0.user_id=?
Hibernate: 
    select
        u1_0.id,
        u1_0.created_at,
        u1_0.email,
        u1_0.hashed_password 
    from
        users u1_0 
    where
        u1_0.email=?
Hibernate: 
    select
        a1_0.id,
        a1_0.account_number,
        a1_0.balance,
        a1_0.created_at,
        a1_0.updated_at,
        a1_0.user_id,
        a1_0.version 
    from
        accounts a1_0 
    where
        a1_0.user_id=?
Hibernate: 
    select
        u1_0.id,
        u1_0.created_at,
        u1_0.email,
        u1_0.hashed_password 
    from
        users u1_0 
    where
        u1_0.email=?
Hibernate: 
    select
        a1_0.id,
        a1_0.account_number,
        a1_0.balance,
        a1_0.created_at,
        a1_0.updated_at,
        a1_0.user_id,
        a1_0.version 
    from
        accounts a1_0 
    where
        a1_0.user_id=?
Hibernate: 
    select
        u1_0.id,
        u1_0.created_at,
        u1_0.email,
        u1_0.hashed_password 
    from
        users u1_0 
    where
        u1_0.email=?
2026-07-14 19:53:30.251  WARN [req=7f25d470-2df5-4aae-9ed6-ebf0f40f17af, user=ratelimituser@ledgerlock.com, ip=127.0.0.1] [           main] c.l.interceptor.RateLimitInterceptor     : Rate limit exceeded for key: ratelimituser@ledgerlock.com
]]></system-out>
    <system-err><![CDATA[WARNING: A Java agent has been loaded dynamically (C:\Users\jeyag\.m2\repository\net\bytebuddy\byte-buddy-agent\1.14.17\byte-buddy-agent-1.14.17.jar)
WARNING: If a serviceability tool is in use, please run with -XX:+EnableDynamicAgentLoading to hide this warning
WARNING: If a serviceability tool is not in use, please run with -Djdk.instrument.traceUsage for more information
WARNING: Dynamic loading of agents will be disallowed by default in a future release
]]></system-err>
  </testcase>
</testsuite>